
> test
> turbo run test --filter=@apex/export

â€¢ turbo 2.8.3
 WARNING  Unable to calculate transitive closures: Workspace 'apps/web' not found in lockfile.
â€¢ Packages in scope: @apex/export
â€¢ Running test in 1 packages
â€¢ Remote caching disabled
@apex/config:build: cache hit, replaying logs 95c1180140d55642
@apex/config:build: 
@apex/config:build: > @apex/config@1.0.0 build
@apex/config:build: > tsc -p tsconfig.json --outDir ./dist --declaration --declarationMap --sourceMap && echo 'Build completed'
@apex/config:build: 
@apex/config:build: 'Build completed'
@apex/db:build: cache hit, replaying logs 843e247ae7347c64
@apex/db:build: 
@apex/db:build: > @apex/db@1.0.0 build
@apex/db:build: > tsc -p tsconfig.json --outDir ./dist --declaration --declarationMap --sourceMap && echo 'Build completed'
@apex/db:build: 
@apex/db:build: 'Build completed'
@apex/middleware:build: cache hit, replaying logs a52af87ba4cd63d0
@apex/middleware:build: 
@apex/middleware:build: > @apex/middleware@1.0.0 build
@apex/middleware:build: > tsc -p tsconfig.json --outDir ./dist --declaration --declarationMap --sourceMap && echo 'Build completed'
@apex/middleware:build: 
@apex/middleware:build: 'Build completed'
@apex/audit:build: cache hit, replaying logs c360ecd6b26d38d0
@apex/audit:build: 
@apex/audit:build: > @apex/audit@1.0.0 build
@apex/audit:build: > tsc -p tsconfig.json --outDir ./dist --declaration --declarationMap --sourceMap && echo 'Build completed'
@apex/audit:build: 
@apex/audit:build: 'Build completed'
@apex/export:test: cache miss, executing 8f2684e8164670be
@apex/export:test: 
@apex/export:test: > @apex/export@1.0.0 test
@apex/export:test: > vitest run
@apex/export:test: 
@apex/export:test: [33mThe CJS build of Vite's Node API is deprecated. See https://vite.dev/guide/troubleshooting.html#vite-cjs-node-api-deprecated for more details.[39m
@apex/export:test: 
@apex/export:test: [7m[1m[36m RUN [39m[22m[27m [36mv1.6.1[39m [90mC:/Users/Dell/Desktop/60sec.shop/packages/export[39m
@apex/export:test: 
@apex/export:test:  [32mâœ“[39m src/export.controller.test.ts [2m ([22m[2m14 tests[22m[2m)[22m[90m 44[2mms[22m[39m
@apex/export:test: [32m[Nest] 10488  - [39mÙ Ù¨â€/Ù Ù¢â€/Ù¢Ù Ù¢Ù¦ØŒ Ù©:Ù¡Ù¥:Ù¢Ù¥ Ù… [32m    LOG[39m [38;5;3m[ExportWorker] [39m[32mProcessing export job job-123 for tenant tenant-123[39m
@apex/export:test: [32m[Nest] 10488  - [39mÙ Ù¨â€/Ù Ù¢â€/Ù¢Ù Ù¢Ù¦ØŒ Ù©:Ù¡Ù¥:Ù¢Ù¥ Ù… [32m    LOG[39m [38;5;3m[AnalyticsExportStrategy] [39m[32mStarting analytics export for tenant: tenant-123[39m
@apex/export:test: [32m[Nest] 10488  - [39mÙ Ù¨â€/Ù Ù¢â€/Ù¢Ù Ù¢Ù¦ØŒ Ù©:Ù¡Ù¥:Ù¢Ù¥ Ù… [32m    LOG[39m [38;5;3m[AnalyticsExportStrategy] [39m[32mAnalytics export completed: /tmp/export-tenant-123-1770578125605.tar.gz[39m
@apex/export:test: [32m[Nest] 10488  - [39mÙ Ù¨â€/Ù Ù¢â€/Ù¢Ù Ù¢Ù¦ØŒ Ù©:Ù¡Ù¥:Ù¢Ù¥ Ù… [32m    LOG[39m [38;5;3m[ExportWorker] [39m[32mCleaned up failed export file: /tmp/export.tar.gz[39m
@apex/export:test: [32m[Nest] 10488  - [39mÙ Ù¨â€/Ù Ù¢â€/Ù¢Ù Ù¢Ù¦ØŒ Ù©:Ù¡Ù¥:Ù¢Ù¥ Ù… [32m    LOG[39m [38;5;3m[AnalyticsExportStrategy] [39m[32mStarting analytics export for tenant: tenant-123[39m
@apex/export:test: [32m[Nest] 10488  - [39mÙ Ù¨â€/Ù Ù¢â€/Ù¢Ù Ù¢Ù¦ØŒ Ù©:Ù¡Ù¥:Ù¢Ù¥ Ù… [32m    LOG[39m [38;5;3m[AnalyticsExportStrategy] [39m[32mAnalytics export completed: /tmp/export-tenant-123-1770578125614.tar.gz[39m
@apex/export:test: [32m[Nest] 10488  - [39mÙ Ù¨â€/Ù Ù¢â€/Ù¢Ù Ù¢Ù¦ØŒ Ù©:Ù¡Ù¥:Ù¢Ù¥ Ù… [32m    LOG[39m [38;5;3m[AnalyticsExportStrategy] [39m[32mStarting analytics export for tenant: tenant-456[39m
@apex/export:test: [32m[Nest] 10488  - [39mÙ Ù¨â€/Ù Ù¢â€/Ù¢Ù Ù¢Ù¦ØŒ Ù©:Ù¡Ù¥:Ù¢Ù¥ Ù… [32m    LOG[39m [38;5;3m[AnalyticsExportStrategy] [39m[32mAnalytics export completed: /tmp/export-tenant-456-1770578125616.tar.gz[39m
@apex/export:test: [32m[Nest] 10488  - [39mÙ Ù¨â€/Ù Ù¢â€/Ù¢Ù Ù¢Ù¦ØŒ Ù©:Ù¡Ù¥:Ù¢Ù¥ Ù… [32m    LOG[39m [38;5;3m[AnalyticsExportStrategy] [39m[32mStarting analytics export for tenant: tenant-123[39m
@apex/export:test: [32m[Nest] 10488  - [39mÙ Ù¨â€/Ù Ù¢â€/Ù¢Ù Ù¢Ù¦ØŒ Ù©:Ù¡Ù¥:Ù¢Ù¥ Ù… [32m    LOG[39m [38;5;3m[AnalyticsExportStrategy] [39m[32mStarting analytics export for tenant: tenant-123[39m
@apex/export:test: [32m[Nest] 10488  - [39mÙ Ù¨â€/Ù Ù¢â€/Ù¢Ù Ù¢Ù¦ØŒ Ù©:Ù¡Ù¥:Ù¢Ù¥ Ù… [32m    LOG[39m [38;5;3m[AnalyticsExportStrategy] [39m[32mAnalytics export completed: /tmp/export-tenant-123-1770578125620.tar.gz[39m
@apex/export:test: [32m[Nest] 10488  - [39mÙ Ù¨â€/Ù Ù¢â€/Ù¢Ù Ù¢Ù¦ØŒ Ù©:Ù¡Ù¥:Ù¢Ù¥ Ù… [32m    LOG[39m [38;5;3m[AnalyticsExportStrategy] [39m[32mStarting analytics export for tenant: tenant-123[39m
@apex/export:test: [32m[Nest] 10488  - [39mÙ Ù¨â€/Ù Ù¢â€/Ù¢Ù Ù¢Ù¦ØŒ Ù©:Ù¡Ù¥:Ù¢Ù¥ Ù… [32m    LOG[39m [38;5;3m[AnalyticsExportStrategy] [39m[32mAnalytics export completed: /tmp/export-tenant-123-1770578125621.tar.gz[39m
@apex/export:test: [32m[Nest] 10488  - [39mÙ Ù¨â€/Ù Ù¢â€/Ù¢Ù Ù¢Ù¦ØŒ Ù©:Ù¡Ù¥:Ù¢Ù¥ Ù… [32m    LOG[39m [38;5;3m[AnalyticsExportStrategy] [39m[32mStarting analytics export for tenant: tenant-123[39m
@apex/export:test: [32m[Nest] 10488  - [39mÙ Ù¨â€/Ù Ù¢â€/Ù¢Ù Ù¢Ù¦ØŒ Ù©:Ù¡Ù¥:Ù¢Ù¥ Ù… [32m    LOG[39m [38;5;3m[AnalyticsExportStrategy] [39m[32mAnalytics export completed: /tmp/export-tenant-123-1770578125626.tar.gz[39m
@apex/export:test: [32m[Nest] 10488  - [39mÙ Ù¨â€/Ù Ù¢â€/Ù¢Ù Ù¢Ù¦ØŒ Ù©:Ù¡Ù¥:Ù¢Ù¥ Ù… [32m    LOG[39m [38;5;3m[AnalyticsExportStrategy] [39m[32mStarting analytics export for tenant: tenant-123[39m
@apex/export:test: [32m[Nest] 10488  - [39mÙ Ù¨â€/Ù Ù¢â€/Ù¢Ù Ù¢Ù¦ØŒ Ù©:Ù¡Ù¥:Ù¢Ù¥ Ù… [32m    LOG[39m [38;5;3m[AnalyticsExportStrategy] [39m[32mStarting analytics export for tenant: tenant-123[39m
@apex/export:test: [32m[Nest] 10488  - [39mÙ Ù¨â€/Ù Ù¢â€/Ù¢Ù Ù¢Ù¦ØŒ Ù©:Ù¡Ù¥:Ù¢Ù¥ Ù… [32m    LOG[39m [38;5;3m[AnalyticsExportStrategy] [39m[32mAnalytics export completed: /tmp/export-tenant-123-1770578125631.tar.gz[39m
@apex/export:test: [32m[Nest] 10488  - [39mÙ Ù¨â€/Ù Ù¢â€/Ù¢Ù Ù¢Ù¦ØŒ Ù©:Ù¡Ù¥:Ù¢Ù¥ Ù… [32m    LOG[39m [38;5;3m[ExportWorker] [39m[32mProcessing export job job-123 for tenant tenant-123[39m
@apex/export:test:  [33mâ¯[39m src/strategies/analytics-export.strategy.test.ts [2m ([22m[2m12 tests[22m [2m|[22m [31m2 failed[39m[2m)[22m[90m 99[2mms[22m[39m
@apex/export:test: [31m   [33mâ¯[31m src/strategies/analytics-export.strategy.test.ts[2m > [22mAnalyticsExportStrategy[2m > [22mvalidate[2m > [22mshould validate existing tenant[39m
@apex/export:test: [31m     â†’ expected false to be true // Object.is equality[39m
@apex/export:test: [31m   [33mâ¯[31m src/strategies/analytics-export.strategy.test.ts[2m > [22mAnalyticsExportStrategy[2m > [22mexport[2m > [22mshould convert rows to CSV format[39m
@apex/export:test: [31m     â†’ Cannot read properties of undefined (reading 'rows')[39m
@apex/export:test: [32m[Nest] 10488  - [39mÙ Ù¨â€/Ù Ù¢â€/Ù¢Ù Ù¢Ù¦ØŒ Ù©:Ù¡Ù¥:Ù¢Ù¥ Ù… [32m    LOG[39m [38;5;3m[ExportWorker] [39m[32mCleaned up failed export file: /tmp/export.tar.gz[39m
@apex/export:test: [32m[Nest] 10488  - [39mÙ Ù¨â€/Ù Ù¢â€/Ù¢Ù Ù¢Ù¦ØŒ Ù©:Ù¡Ù¥:Ù¢Ù¥ Ù… [32m    LOG[39m [38;5;3m[ExportWorker] [39m[32mProcessing export job job-123 for tenant tenant-123[39m
@apex/export:test: [32m[Nest] 10488  - [39mÙ Ù¨â€/Ù Ù¢â€/Ù¢Ù Ù¢Ù¦ØŒ Ù©:Ù¡Ù¥:Ù¢Ù¥ Ù… [32m    LOG[39m [38;5;3m[ExportWorker] [39m[32mCleaned up failed export file: /tmp/export.tar.gz[39m
@apex/export:test: [32m[Nest] 10488  - [39mÙ Ù¨â€/Ù Ù¢â€/Ù¢Ù Ù¢Ù¦ØŒ Ù©:Ù¡Ù¥:Ù¢Ù¥ Ù… [32m    LOG[39m [38;5;3m[ExportWorker] [39m[32mProcessing export job job-123 for tenant tenant-123[39m
@apex/export:test: [32m[Nest] 10488  - [39mÙ Ù¨â€/Ù Ù¢â€/Ù¢Ù Ù¢Ù¦ØŒ Ù©:Ù¡Ù¥:Ù¢Ù¥ Ù… [32m    LOG[39m [38;5;3m[ExportWorker] [39m[32mCleaned up failed export file: /tmp/export.tar.gz[39m
@apex/export:test: [32m[Nest] 10488  - [39mÙ Ù¨â€/Ù Ù¢â€/Ù¢Ù Ù¢Ù¦ØŒ Ù©:Ù¡Ù¥:Ù¢Ù¥ Ù… [32m    LOG[39m [38;5;3m[ExportWorker] [39m[32mProcessing export job job-123 for tenant tenant-123[39m
@apex/export:test: [32m[Nest] 10488  - [39mÙ Ù¨â€/Ù Ù¢â€/Ù¢Ù Ù¢Ù¦ØŒ Ù©:Ù¡Ù¥:Ù¢Ù¥ Ù… [32m    LOG[39m [38;5;3m[ExportWorker] [39m[32mProcessing export job job-123 for tenant tenant-456[39m
@apex/export:test: [32m[Nest] 10488  - [39mÙ Ù¨â€/Ù Ù¢â€/Ù¢Ù Ù¢Ù¦ØŒ Ù©:Ù¡Ù¥:Ù¢Ù¥ Ù… [32m    LOG[39m [38;5;3m[ExportWorker] [39m[32mCleaned up failed export file: /tmp/export.tar.gz[39m
@apex/export:test: [32m[Nest] 10488  - [39mÙ Ù¨â€/Ù Ù¢â€/Ù¢Ù Ù¢Ù¦ØŒ Ù©:Ù¡Ù¥:Ù¢Ù¥ Ù… [32m    LOG[39m [38;5;3m[ExportWorker] [39m[32mDeleted export file: test-key[39m
@apex/export:test: [32m[Nest] 10488  - [39mÙ Ù¨â€/Ù Ù¢â€/Ù¢Ù Ù¢Ù¦ØŒ Ù©:Ù¡Ù¥:Ù¢Ù¥ Ù… [32m    LOG[39m [38;5;3m[ExportWorker] [39m[32mProcessing export job job-123 for tenant tenant-123[39m
@apex/export:test: [31m[Nest] 10488  - [39mÙ Ù¨â€/Ù Ù¢â€/Ù¢Ù Ù¢Ù¦ØŒ Ù©:Ù¡Ù¥:Ù¢Ù¥ Ù… [31m  ERROR[39m [38;5;3m[ExportWorker] [39m[31mFailed to delete test-key:[39m
@apex/export:test: [31m[Nest] 10488  - [39mÙ Ù¨â€/Ù Ù¢â€/Ù¢Ù Ù¢Ù¦ØŒ Ù©:Ù¡Ù¥:Ù¢Ù¥ Ù… [31m  ERROR[39m [38;5;3m[ExportWorker] [39m[31mError: Delete failed[39m
@apex/export:test: [32m[Nest] 10488  - [39mÙ Ù¨â€/Ù Ù¢â€/Ù¢Ù Ù¢Ù¦ØŒ Ù©:Ù¡Ù¥:Ù¢Ù¥ Ù… [32m    LOG[39m [38;5;3m[ExportWorker] [39m[32mCleaned up failed export file: /tmp/export.tar.gz[39m
@apex/export:test: [32m[Nest] 10488  - [39mÙ Ù¨â€/Ù Ù¢â€/Ù¢Ù Ù¢Ù¦ØŒ Ù©:Ù¡Ù¥:Ù¢Ù¥ Ù… [32m    LOG[39m [38;5;3m[ExportWorker] [39m[32mExport worker started[39m
@apex/export:test:  [33mâ¯[39m src/export.worker.test.ts [2m ([22m[2m13 tests[22m [2m|[22m [31m6 failed[39m[2m)[22m[33m 427[2mms[22m[39m
@apex/export:test: [31m   [33mâ¯[31m src/export.worker.test.ts[2m > [22mExportWorker[2m > [22mprocessJob[2m > [22mshould process export job successfully[39m
@apex/export:test: [31m     â†’ job.updateData is not a function[39m
@apex/export:test: [31m   [33mâ¯[31m src/export.worker.test.ts[2m > [22mExportWorker[2m > [22mprocessJob[2m > [22mshould update job progress[39m
@apex/export:test: [31m     â†’ job.updateData is not a function[39m
@apex/export:test: [31m   [33mâ¯[31m src/export.worker.test.ts[2m > [22mExportWorker[2m > [22mprocessJob[2m > [22mshould upload to S3 with correct key[39m
@apex/export:test: [31m     â†’ job.updateData is not a function[39m
@apex/export:test: [31m   [33mâ¯[31m src/export.worker.test.ts[2m > [22mExportWorker[2m > [22mprocessJob[2m > [22mshould generate presigned URL with 24h expiry[39m
@apex/export:test: [31m     â†’ job.updateData is not a function[39m
@apex/export:test: [31m   [33mâ¯[31m src/export.worker.test.ts[2m > [22mExportWorker[2m > [22mprocessJob[2m > [22mshould enforce S2 isolation in S3 key[39m
@apex/export:test: [31m     â†’ job.updateData is not a function[39m
@apex/export:test: [31m   [33mâ¯[31m src/export.worker.test.ts[2m > [22mExportWorker[2m > [22mconfirmDownload[2m > [22mshould delete file after download confirmation[39m
@apex/export:test: [31m     â†’ job.updateData is not a function[39m
@apex/export:test: [32m[Nest] 10488  - [39mÙ Ù¨â€/Ù Ù¢â€/Ù¢Ù Ù¢Ù¦ØŒ Ù©:Ù¡Ù¥:Ù¢Ù¦ Ù… [32m    LOG[39m [38;5;3m[ExportWorker] [39m[32mExport worker started[39m
@apex/export:test: [32m[Nest] 10488  - [39mÙ Ù¨â€/Ù Ù¢â€/Ù¢Ù Ù¢Ù¦ØŒ Ù©:Ù¡Ù¥:Ù¢Ù© Ù… [32m    LOG[39m [38;5;3m[LiteExportStrategy] [39m[32mStarting lite export for tenant: tenant-123[39m
@apex/export:test: [95m[Nest] 10488  - [39mÙ Ù¨â€/Ù Ù¢â€/Ù¢Ù Ù¢Ù¦ØŒ Ù©:Ù¡Ù¥:Ù¢Ù© Ù… [95m  DEBUG[39m [38;5;3m[LiteExportStrategy] [39m[95mExporting table: tenant_tenant-123.users[39m
@apex/export:test: [95m[Nest] 10488  - [39mÙ Ù¨â€/Ù Ù¢â€/Ù¢Ù Ù¢Ù¦ØŒ Ù©:Ù¡Ù¥:Ù¢Ù© Ù… [95m  DEBUG[39m [38;5;3m[LiteExportStrategy] [39m[95mExporting table: tenant_tenant-123.orders[39m
@apex/export:test: [32m[Nest] 10488  - [39mÙ Ù¨â€/Ù Ù¢â€/Ù¢Ù Ù¢Ù¦ØŒ Ù©:Ù¡Ù¥:Ù¢Ù© Ù… [32m    LOG[39m [38;5;3m[LiteExportStrategy] [39m[32mLite export completed: /tmp/export-tenant-123-1770578129881.tar.gz[39m
@apex/export:test: [32m[Nest] 10488  - [39mÙ Ù¨â€/Ù Ù¢â€/Ù¢Ù Ù¢Ù¦ØŒ Ù©:Ù¡Ù¥:Ù¢Ù© Ù… [32m    LOG[39m [38;5;3m[LiteExportStrategy] [39m[32mStarting lite export for tenant: tenant-123[39m
@apex/export:test: [95m[Nest] 10488  - [39mÙ Ù¨â€/Ù Ù¢â€/Ù¢Ù Ù¢Ù¦ØŒ Ù©:Ù¡Ù¥:Ù¢Ù© Ù… [95m  DEBUG[39m [38;5;3m[LiteExportStrategy] [39m[95mExporting table: tenant_tenant-123.users[39m
@apex/export:test: [32m[Nest] 10488  - [39mÙ Ù¨â€/Ù Ù¢â€/Ù¢Ù Ù¢Ù¦ØŒ Ù©:Ù¡Ù¥:Ù¢Ù© Ù… [32m    LOG[39m [38;5;3m[LiteExportStrategy] [39m[32mLite export completed: /tmp/export-tenant-123-1770578129887.tar.gz[39m
@apex/export:test: [32m[Nest] 10488  - [39mÙ Ù¨â€/Ù Ù¢â€/Ù¢Ù Ù¢Ù¦ØŒ Ù©:Ù¡Ù¥:Ù¢Ù© Ù… [32m    LOG[39m [38;5;3m[LiteExportStrategy] [39m[32mStarting lite export for tenant: tenant-123[39m
@apex/export:test: [95m[Nest] 10488  - [39mÙ Ù¨â€/Ù Ù¢â€/Ù¢Ù Ù¢Ù¦ØŒ Ù©:Ù¡Ù¥:Ù¢Ù© Ù… [95m  DEBUG[39m [38;5;3m[LiteExportStrategy] [39m[95mExporting table: tenant_tenant-123.huge_table[39m
@apex/export:test: [32m[Nest] 10488  - [39mÙ Ù¨â€/Ù Ù¢â€/Ù¢Ù Ù¢Ù¦ØŒ Ù©:Ù¡Ù¥:Ù¢Ù© Ù… [32m    LOG[39m [38;5;3m[LiteExportStrategy] [39m[32mStarting lite export for tenant: tenant-123[39m
@apex/export:test: [32m[Nest] 10488  - [39mÙ Ù¨â€/Ù Ù¢â€/Ù¢Ù Ù¢Ù¦ØŒ Ù©:Ù¡Ù¥:Ù¢Ù© Ù… [32m    LOG[39m [38;5;3m[LiteExportStrategy] [39m[32mStarting lite export for tenant: tenant-123[39m
@apex/export:test: [95m[Nest] 10488  - [39mÙ Ù¨â€/Ù Ù¢â€/Ù¢Ù Ù¢Ù¦ØŒ Ù©:Ù¡Ù¥:Ù¢Ù© Ù… [95m  DEBUG[39m [38;5;3m[LiteExportStrategy] [39m[95mExporting table: tenant_tenant-123.products[39m
@apex/export:test: [32m[Nest] 10488  - [39mÙ Ù¨â€/Ù Ù¢â€/Ù¢Ù Ù¢Ù¦ØŒ Ù©:Ù¡Ù¥:Ù¢Ù© Ù… [32m    LOG[39m [38;5;3m[LiteExportStrategy] [39m[32mLite export completed: /tmp/export-tenant-123-1770578129897.tar.gz[39m
@apex/export:test: [32m[Nest] 10488  - [39mÙ Ù¨â€/Ù Ù¢â€/Ù¢Ù Ù¢Ù¦ØŒ Ù©:Ù¡Ù¥:Ù¢Ù© Ù… [32m    LOG[39m [38;5;3m[LiteExportStrategy] [39m[32mStarting lite export for tenant: tenant-123[39m
@apex/export:test: [95m[Nest] 10488  - [39mÙ Ù¨â€/Ù Ù¢â€/Ù¢Ù Ù¢Ù¦ØŒ Ù©:Ù¡Ù¥:Ù¢Ù© Ù… [95m  DEBUG[39m [38;5;3m[LiteExportStrategy] [39m[95mExporting table: tenant_tenant-123.empty_table[39m
@apex/export:test: [32m[Nest] 10488  - [39mÙ Ù¨â€/Ù Ù¢â€/Ù¢Ù Ù¢Ù¦ØŒ Ù©:Ù¡Ù¥:Ù¢Ù© Ù… [32m    LOG[39m [38;5;3m[LiteExportStrategy] [39m[32mLite export completed: /tmp/export-tenant-123-1770578129900.tar.gz[39m
@apex/export:test: [32m[Nest] 10488  - [39mÙ Ù¨â€/Ù Ù¢â€/Ù¢Ù Ù¢Ù¦ØŒ Ù©:Ù¡Ù¥:Ù¢Ù© Ù… [32m    LOG[39m [38;5;3m[LiteExportStrategy] [39m[32mStarting lite export for tenant: tenant-123[39m
@apex/export:test: [32m[Nest] 10488  - [39mÙ Ù¨â€/Ù Ù¢â€/Ù¢Ù Ù¢Ù¦ØŒ Ù©:Ù¡Ù¥:Ù¢Ù© Ù… [32m    LOG[39m [38;5;3m[LiteExportStrategy] [39m[32mLite export completed: /tmp/export-tenant-123-1770578129901.tar.gz[39m
@apex/export:test: [32m[Nest] 10488  - [39mÙ Ù¨â€/Ù Ù¢â€/Ù¢Ù Ù¢Ù¦ØŒ Ù©:Ù¡Ù¥:Ù¢Ù© Ù… [32m    LOG[39m [38;5;3m[LiteExportStrategy] [39m[32mStarting lite export for tenant: tenant-123[39m
@apex/export:test: [32m[Nest] 10488  - [39mÙ Ù¨â€/Ù Ù¢â€/Ù¢Ù Ù¢Ù¦ØŒ Ù©:Ù¡Ù¥:Ù¢Ù© Ù… [32m    LOG[39m [38;5;3m[LiteExportStrategy] [39m[32mLite export completed: /tmp/export-tenant-123-1770578129902.tar.gz[39m
@apex/export:test: [32m[Nest] 10488  - [39mÙ Ù¨â€/Ù Ù¢â€/Ù¢Ù Ù¢Ù¦ØŒ Ù©:Ù¡Ù¥:Ù¢Ù© Ù… [32m    LOG[39m [38;5;3m[LiteExportStrategy] [39m[32mStarting lite export for tenant: tenant-123[39m
@apex/export:test: [32m[Nest] 10488  - [39mÙ Ù¨â€/Ù Ù¢â€/Ù¢Ù Ù¢Ù¦ØŒ Ù©:Ù¡Ù¥:Ù¢Ù© Ù… [32m    LOG[39m [38;5;3m[LiteExportStrategy] [39m[32mLite export completed: /tmp/export-tenant-123-1770578129904.tar.gz[39m
@apex/export:test:  [32mâœ“[39m src/strategies/lite-export.strategy.test.ts [2m ([22m[2m12 tests[22m[2m)[22m[90m 126[2mms[22m[39m
@apex/export:test:  [2m[90mâ†“[39m[22m src/export.integration.test.ts [2m ([22m[2m9 tests[22m [2m|[22m [33m9 skipped[39m[2m)[22m
@apex/export:test: [32m[Nest] 10488  - [39mÙ Ù¨â€/Ù Ù¢â€/Ù¢Ù Ù¢Ù¦ØŒ Ù©:Ù¡Ù¥:Ù£Ù¡ Ù… [32m    LOG[39m [38;5;3m[NativeExportStrategy] [39m[32mStarting native export for tenant: tenant-123[39m
@apex/export:test: [32m[Nest] 10488  - [39mÙ Ù¨â€/Ù Ù¢â€/Ù¢Ù Ù¢Ù¦ØŒ Ù©:Ù¡Ù¥:Ù£Ù¡ Ù… [32m    LOG[39m [38;5;3m[NativeExportStrategy] [39m[32mNative export completed: /tmp/export-tenant-123-1770578131070.dump[39m
@apex/export:test: [32m[Nest] 10488  - [39mÙ Ù¨â€/Ù Ù¢â€/Ù¢Ù Ù¢Ù¦ØŒ Ù©:Ù¡Ù¥:Ù£Ù¡ Ù… [32m    LOG[39m [38;5;3m[NativeExportStrategy] [39m[32mStarting native export for tenant: tenant-456[39m
@apex/export:test:  [33mâ¯[39m src/strategies/native-export.strategy.test.ts [2m ([22m[2m8 tests[22m [2m|[22m [31m1 failed[39m[2m)[22m[90m 203[2mms[22m[39m
@apex/export:test: [31m   [33mâ¯[31m src/strategies/native-export.strategy.test.ts[2m > [22mNativeExportStrategy[2m > [22mvalidate[2m > [22mshould validate existing tenant[39m
@apex/export:test: [31m     â†’ expected false to be true // Object.is equality[39m
@apex/export:test: [32m[Nest] 10488  - [39mÙ Ù¨â€/Ù Ù¢â€/Ù¢Ù Ù¢Ù¦ØŒ Ù©:Ù¡Ù¥:Ù£Ù¡ Ù… [32m    LOG[39m [38;5;3m[NativeExportStrategy] [39m[32mNative export completed: /tmp/export-tenant-456-1770578131161.dump[39m
@apex/export:test: [32m[Nest] 10488  - [39mÙ Ù¨â€/Ù Ù¢â€/Ù¢Ù Ù¢Ù¦ØŒ Ù©:Ù¡Ù¥:Ù£Ù¡ Ù… [32m    LOG[39m [38;5;3m[NativeExportStrategy] [39m[32mStarting native export for tenant: tenant-123[39m
@apex/export:test: [32m[Nest] 10488  - [39mÙ Ù¨â€/Ù Ù¢â€/Ù¢Ù Ù¢Ù¦ØŒ Ù©:Ù¡Ù¥:Ù£Ù¡ Ù… [32m    LOG[39m [38;5;3m[NativeExportStrategy] [39m[32mStarting native export for tenant: tenant-123[39m
@apex/export:test: [32m[Nest] 10488  - [39mÙ Ù¨â€/Ù Ù¢â€/Ù¢Ù Ù¢Ù¦ØŒ Ù©:Ù¡Ù¥:Ù£Ù¡ Ù… [32m    LOG[39m [38;5;3m[NativeExportStrategy] [39m[32mNative export completed: /tmp/export-tenant-123-1770578131175.dump[39m
@apex/export:test: [32m[Nest] 10488  - [39mÙ Ù¨â€/Ù Ù¢â€/Ù¢Ù Ù¢Ù¦ØŒ Ù©:Ù¡Ù¥:Ù£Ù¡ Ù… [32m    LOG[39m [38;5;3m[NativeExportStrategy] [39m[32mStarting native export for tenant: tenant-123[39m
@apex/export:test: [32m[Nest] 10488  - [39mÙ Ù¨â€/Ù Ù¢â€/Ù¢Ù Ù¢Ù¦ØŒ Ù©:Ù¡Ù¥:Ù£Ù¡ Ù… [32m    LOG[39m [38;5;3m[NativeExportStrategy] [39m[32mNative export completed: /tmp/export-tenant-123-1770578131179.dump[39m
@apex/export:test: [32m[Nest] 10488  - [39mÙ Ù¨â€/Ù Ù¢â€/Ù¢Ù Ù¢Ù¦ØŒ Ù©:Ù¡Ù¥:Ù£Ù¡ Ù… [32m    LOG[39m [38;5;3m[NativeExportStrategy] [39m[32mStarting native export for tenant: tenant-123[39m
@apex/export:test: [32m[Nest] 10488  - [39mÙ Ù¨â€/Ù Ù¢â€/Ù¢Ù Ù¢Ù¦ØŒ Ù©:Ù¡Ù¥:Ù£Ù¡ Ù… [32m    LOG[39m [38;5;3m[NativeExportStrategy] [39m[32mNative export completed: /tmp/export-tenant-123-1770578131187.dump[39m
@apex/export:test:  [33mâ¯[39m src/export-strategy.factory.test.ts [2m ([22m[2m7 tests[22m [2m|[22m [31m3 failed[39m[2m)[22m[90m 41[2mms[22m[39m
@apex/export:test: [31m   [33mâ¯[31m src/export-strategy.factory.test.ts[2m > [22mExportStrategyFactory[2m > [22mvalidateOptions[2m > [22mshould validate lite options[39m
@apex/export:test: [31m     â†’ expected 'undefined' to be 'boolean' // Object.is equality[39m
@apex/export:test: [31m   [33mâ¯[31m src/export-strategy.factory.test.ts[2m > [22mExportStrategyFactory[2m > [22mvalidateOptions[2m > [22mshould validate native options[39m
@apex/export:test: [31m     â†’ expected 'undefined' to be 'boolean' // Object.is equality[39m
@apex/export:test: [31m   [33mâ¯[31m src/export-strategy.factory.test.ts[2m > [22mExportStrategyFactory[2m > [22mvalidateOptions[2m > [22mshould validate analytics options with date range[39m
@apex/export:test: [31m     â†’ expected 'undefined' to be 'boolean' // Object.is equality[39m
@apex/export:test: âœ… S1 Compliance: Environment variables validated successfully
@apex/export:test: 
@apex/export:test: âœ… S1 Compliance: Environment variables validated successfully
@apex/export:test: 
@apex/export:test: [90mstderr[2m | validateEnv (C:\Users\Dell\Desktop\60sec.shop\packages\config\src\index.ts:88:13)[22m[39m
@apex/export:test: âœ… S1 Compliance: Environment variables validated successfully
@apex/export:test: 
@apex/export:test: âœ… S1 Compliance: Environment variables validated successfully
@apex/export:test: 
@apex/export:test: âœ… S1 Compliance: Environment variables validated successfully
@apex/export:test: 
@apex/export:test: [90mstderr[2m | Module.validateEnv (C:\Users\Dell\Desktop\60sec.shop\packages\config\src\index.ts:88:13)[22m[39m
@apex/export:test: âœ… S1 Compliance: Environment variables validated successfully
@apex/export:test: 
@apex/export:test: AggregateError: 
@apex/export:test: [90m    at internalConnectMultiple (node:net:1134:18)[39m
@apex/export:test: [90m    at afterConnectMultiple (node:net:1715:7)[39m {
@apex/export:test:   code: [32m'ECONNREFUSED'[39m,
@apex/export:test:   [errors]: [
@apex/export:test:     Error: connect ECONNREFUSED ::1:6379
@apex/export:test:     [90m    at createConnectionError (node:net:1678:14)[39m
@apex/export:test:     [90m    at afterConnectMultiple (node:net:1708:16)[39m {
@apex/export:test:       errno: [33m-4078[39m,
@apex/export:test:       code: [32m'ECONNREFUSED'[39m,
@apex/export:test:       syscall: [32m'connect'[39m,
@apex/export:test:       address: [32m'::1'[39m,
@apex/export:test:       port: [33m6379[39m
@apex/export:test:     },
@apex/export:test:     Error: connect ECONNREFUSED 127.0.0.1:6379
@apex/export:test:     [90m    at createConnectionError (node:net:1678:14)[39m
@apex/export:test:     [90m    at afterConnectMultiple (node:net:1708:16)[39m {
@apex/export:test:       errno: [33m-4078[39m,
@apex/export:test:       code: [32m'ECONNREFUSED'[39m,
@apex/export:test:       syscall: [32m'connect'[39m,
@apex/export:test:       address: [32m'127.0.0.1'[39m,
@apex/export:test:       port: [33m6379[39m
@apex/export:test:     }
@apex/export:test:   ]
@apex/export:test: }
@apex/export:test: 
@apex/export:test: AggregateError: 
@apex/export:test: [90m    at internalConnectMultiple (node:net:1134:18)[39m
@apex/export:test: [90m    at afterConnectMultiple (node:net:1715:7)[39m {
@apex/export:test:   code: [32m'ECONNREFUSED'[39m,
@apex/export:test:   [errors]: [
@apex/export:test:     Error: connect ECONNREFUSED ::1:6379
@apex/export:test:     [90m    at createConnectionError (node:net:1678:14)[39m
@apex/export:test:     [90m    at afterConnectMultiple (node:net:1708:16)[39m {
@apex/export:test:       errno: [33m-4078[39m,
@apex/export:test:       code: [32m'ECONNREFUSED'[39m,
@apex/export:test:       syscall: [32m'connect'[39m,
@apex/export:test:       address: [32m'::1'[39m,
@apex/export:test:       port: [33m6379[39m
@apex/export:test:     },
@apex/export:test:     Error: connect ECONNREFUSED 127.0.0.1:6379
@apex/export:test:     [90m    at createConnectionError (node:net:1678:14)[39m
@apex/export:test:     [90m    at afterConnectMultiple (node:net:1708:16)[39m {
@apex/export:test:       errno: [33m-4078[39m,
@apex/export:test:       code: [32m'ECONNREFUSED'[39m,
@apex/export:test:       syscall: [32m'connect'[39m,
@apex/export:test:       address: [32m'127.0.0.1'[39m,
@apex/export:test:       port: [33m6379[39m
@apex/export:test:     }
@apex/export:test:   ]
@apex/export:test: }
@apex/export:test: 
@apex/export:test: [90mstderr[2m | src/export.service.test.ts[2m > [22m[2mExportService[2m > [22m[2mS14.1: Tenant Isolation[2m > [22m[2mshould allow only one concurrent export per tenant[22m[39m
@apex/export:test: AggregateError: 
@apex/export:test: [90m    at internalConnectMultiple (node:net:1134:18)[39m
@apex/export:test: [90m    at afterConnectMultiple (node:net:1715:7)[39m {
@apex/export:test:   code: [32m'ECONNREFUSED'[39m,
@apex/export:test:   [errors]: [
@apex/export:test:     Error: connect ECONNREFUSED ::1:6379
@apex/export:test:     [90m    at createConnectionError (node:net:1678:14)[39m
@apex/export:test:     [90m    at afterConnectMultiple (node:net:1708:16)[39m {
@apex/export:test:       errno: [33m-4078[39m,
@apex/export:test:       code: [32m'ECONNREFUSED'[39m,
@apex/export:test:       syscall: [32m'connect'[39m,
@apex/export:test:       address: [32m'::1'[39m,
@apex/export:test:       port: [33m6379[39m
@apex/export:test:     },
@apex/export:test:     Error: connect ECONNREFUSED 127.0.0.1:6379
@apex/export:test:     [90m    at createConnectionError (node:net:1678:14)[39m
@apex/export:test:     [90m    at afterConnectMultiple (node:net:1708:16)[39m {
@apex/export:test:       errno: [33m-4078[39m,
@apex/export:test:       code: [32m'ECONNREFUSED'[39m,
@apex/export:test:       syscall: [32m'connect'[39m,
@apex/export:test:       address: [32m'127.0.0.1'[39m,
@apex/export:test:       port: [33m6379[39m
@apex/export:test:     }
@apex/export:test:   ]
@apex/export:test: }
@apex/export:test: 
@apex/export:test: AggregateError: 
@apex/export:test: [90m    at internalConnectMultiple (node:net:1134:18)[39m
@apex/export:test: [90m    at afterConnectMultiple (node:net:1715:7)[39m {
@apex/export:test:   code: [32m'ECONNREFUSED'[39m,
@apex/export:test:   [errors]: [
@apex/export:test:     Error: connect ECONNREFUSED ::1:6379
@apex/export:test:     [90m    at createConnectionError (node:net:1678:14)[39m
@apex/export:test:     [90m    at afterConnectMultiple (node:net:1708:16)[39m {
@apex/export:test:       errno: [33m-4078[39m,
@apex/export:test:       code: [32m'ECONNREFUSED'[39m,
@apex/export:test:       syscall: [32m'connect'[39m,
@apex/export:test:       address: [32m'::1'[39m,
@apex/export:test:       port: [33m6379[39m
@apex/export:test:     },
@apex/export:test:     Error: connect ECONNREFUSED 127.0.0.1:6379
@apex/export:test:     [90m    at createConnectionError (node:net:1678:14)[39m
@apex/export:test:     [90m    at afterConnectMultiple (node:net:1708:16)[39m {
@apex/export:test:       errno: [33m-4078[39m,
@apex/export:test:       code: [32m'ECONNREFUSED'[39m,
@apex/export:test:       syscall: [32m'connect'[39m,
@apex/export:test:       address: [32m'127.0.0.1'[39m,
@apex/export:test:       port: [33m6379[39m
@apex/export:test:     }
@apex/export:test:   ]
@apex/export:test: }
@apex/export:test: 
@apex/export:test: AggregateError: 
@apex/export:test: [90m    at internalConnectMultiple (node:net:1134:18)[39m
@apex/export:test: [90m    at afterConnectMultiple (node:net:1715:7)[39m {
@apex/export:test:   code: [32m'ECONNREFUSED'[39m,
@apex/export:test:   [errors]: [
@apex/export:test:     Error: connect ECONNREFUSED ::1:6379
@apex/export:test:     [90m    at createConnectionError (node:net:1678:14)[39m
@apex/export:test:     [90m    at afterConnectMultiple (node:net:1708:16)[39m {
@apex/export:test:       errno: [33m-4078[39m,
@apex/export:test:       code: [32m'ECONNREFUSED'[39m,
@apex/export:test:       syscall: [32m'connect'[39m,
@apex/export:test:       address: [32m'::1'[39m,
@apex/export:test:       port: [33m6379[39m
@apex/export:test:     },
@apex/export:test:     Error: connect ECONNREFUSED 127.0.0.1:6379
@apex/export:test:     [90m    at createConnectionError (node:net:1678:14)[39m
@apex/export:test:     [90m    at afterConnectMultiple (node:net:1708:16)[39m {
@apex/export:test:       errno: [33m-4078[39m,
@apex/export:test:       code: [32m'ECONNREFUSED'[39m,
@apex/export:test:       syscall: [32m'connect'[39m,
@apex/export:test:       address: [32m'127.0.0.1'[39m,
@apex/export:test:       port: [33m6379[39m
@apex/export:test:     }
@apex/export:test:   ]
@apex/export:test: }
@apex/export:test: 
@apex/export:test: [90mstderr[2m | src/export.service.test.ts[2m > [22m[2mExportService[2m > [22m[2mS14.2: Duplicate Detection[2m > [22m[2mshould reject duplicate requests within 1 minute[22m[39m
@apex/export:test: AggregateError: 
@apex/export:test: [90m    at internalConnectMultiple (node:net:1134:18)[39m
@apex/export:test: [90m    at afterConnectMultiple (node:net:1715:7)[39m {
@apex/export:test:   code: [32m'ECONNREFUSED'[39m,
@apex/export:test:   [errors]: [
@apex/export:test:     Error: connect ECONNREFUSED ::1:6379
@apex/export:test:     [90m    at createConnectionError (node:net:1678:14)[39m
@apex/export:test:     [90m    at afterConnectMultiple (node:net:1708:16)[39m {
@apex/export:test:       errno: [33m-4078[39m,
@apex/export:test:       code: [32m'ECONNREFUSED'[39m,
@apex/export:test:       syscall: [32m'connect'[39m,
@apex/export:test:       address: [32m'::1'[39m,
@apex/export:test:       port: [33m6379[39m
@apex/export:test:     },
@apex/export:test:     Error: connect ECONNREFUSED 127.0.0.1:6379
@apex/export:test:     [90m    at createConnectionError (node:net:1678:14)[39m
@apex/export:test:     [90m    at afterConnectMultiple (node:net:1708:16)[39m {
@apex/export:test:       errno: [33m-4078[39m,
@apex/export:test:       code: [32m'ECONNREFUSED'[39m,
@apex/export:test:       syscall: [32m'connect'[39m,
@apex/export:test:       address: [32m'127.0.0.1'[39m,
@apex/export:test:       port: [33m6379[39m
@apex/export:test:     }
@apex/export:test:   ]
@apex/export:test: }
@apex/export:test: 
@apex/export:test: AggregateError: 
@apex/export:test: [90m    at internalConnectMultiple (node:net:1134:18)[39m
@apex/export:test: [90m    at afterConnectMultiple (node:net:1715:7)[39m {
@apex/export:test:   code: [32m'ECONNREFUSED'[39m,
@apex/export:test:   [errors]: [
@apex/export:test:     Error: connect ECONNREFUSED ::1:6379
@apex/export:test:     [90m    at createConnectionError (node:net:1678:14)[39m
@apex/export:test:     [90m    at afterConnectMultiple (node:net:1708:16)[39m {
@apex/export:test:       errno: [33m-4078[39m,
@apex/export:test:       code: [32m'ECONNREFUSED'[39m,
@apex/export:test:       syscall: [32m'connect'[39m,
@apex/export:test:       address: [32m'::1'[39m,
@apex/export:test:       port: [33m6379[39m
@apex/export:test:     },
@apex/export:test:     Error: connect ECONNREFUSED 127.0.0.1:6379
@apex/export:test:     [90m    at createConnectionError (node:net:1678:14)[39m
@apex/export:test:     [90m    at afterConnectMultiple (node:net:1708:16)[39m {
@apex/export:test:       errno: [33m-4078[39m,
@apex/export:test:       code: [32m'ECONNREFUSED'[39m,
@apex/export:test:       syscall: [32m'connect'[39m,
@apex/export:test:       address: [32m'127.0.0.1'[39m,
@apex/export:test:       port: [33m6379[39m
@apex/export:test:     }
@apex/export:test:   ]
@apex/export:test: }
@apex/export:test: 
@apex/export:test: AggregateError: 
@apex/export:test: [90m    at internalConnectMultiple (node:net:1134:18)[39m
@apex/export:test: [90m    at afterConnectMultiple (node:net:1715:7)[39m {
@apex/export:test:   code: [32m'ECONNREFUSED'[39m,
@apex/export:test:   [errors]: [
@apex/export:test:     Error: connect ECONNREFUSED ::1:6379
@apex/export:test:     [90m    at createConnectionError (node:net:1678:14)[39m
@apex/export:test:     [90m    at afterConnectMultiple (node:net:1708:16)[39m {
@apex/export:test:       errno: [33m-4078[39m,
@apex/export:test:       code: [32m'ECONNREFUSED'[39m,
@apex/export:test:       syscall: [32m'connect'[39m,
@apex/export:test:       address: [32m'::1'[39m,
@apex/export:test:       port: [33m6379[39m
@apex/export:test:     },
@apex/export:test:     Error: connect ECONNREFUSED 127.0.0.1:6379
@apex/export:test:     [90m    at createConnectionError (node:net:1678:14)[39m
@apex/export:test:     [90m    at afterConnectMultiple (node:net:1708:16)[39m {
@apex/export:test:       errno: [33m-4078[39m,
@apex/export:test:       code: [32m'ECONNREFUSED'[39m,
@apex/export:test:       syscall: [32m'connect'[39m,
@apex/export:test:       address: [32m'127.0.0.1'[39m,
@apex/export:test:       port: [33m6379[39m
@apex/export:test:     }
@apex/export:test:   ]
@apex/export:test: }
@apex/export:test: 
@apex/export:test: [90mstderr[2m | src/export.service.test.ts[2m > [22m[2mExportService[2m > [22m[2mS14.3: Export Validation[2m > [22m[2mshould validate lite profile options[22m[39m
@apex/export:test: AggregateError: 
@apex/export:test: [90m    at internalConnectMultiple (node:net:1134:18)[39m
@apex/export:test: [90m    at afterConnectMultiple (node:net:1715:7)[39m {
@apex/export:test:   code: [32m'ECONNREFUSED'[39m,
@apex/export:test:   [errors]: [
@apex/export:test:     Error: connect ECONNREFUSED ::1:6379
@apex/export:test:     [90m    at createConnectionError (node:net:1678:14)[39m
@apex/export:test:     [90m    at afterConnectMultiple (node:net:1708:16)[39m {
@apex/export:test:       errno: [33m-4078[39m,
@apex/export:test:       code: [32m'ECONNREFUSED'[39m,
@apex/export:test:       syscall: [32m'connect'[39m,
@apex/export:test:       address: [32m'::1'[39m,
@apex/export:test:       port: [33m6379[39m
@apex/export:test:     },
@apex/export:test:     Error: connect ECONNREFUSED 127.0.0.1:6379
@apex/export:test:     [90m    at createConnectionError (node:net:1678:14)[39m
@apex/export:test:     [90m    at afterConnectMultiple (node:net:1708:16)[39m {
@apex/export:test:       errno: [33m-4078[39m,
@apex/export:test:       code: [32m'ECONNREFUSED'[39m,
@apex/export:test:       syscall: [32m'connect'[39m,
@apex/export:test:       address: [32m'127.0.0.1'[39m,
@apex/export:test:       port: [33m6379[39m
@apex/export:test:     }
@apex/export:test:   ]
@apex/export:test: }
@apex/export:test: 
@apex/export:test: AggregateError: 
@apex/export:test: [90m    at internalConnectMultiple (node:net:1134:18)[39m
@apex/export:test: [90m    at afterConnectMultiple (node:net:1715:7)[39m {
@apex/export:test:   code: [32m'ECONNREFUSED'[39m,
@apex/export:test:   [errors]: [
@apex/export:test:     Error: connect ECONNREFUSED ::1:6379
@apex/export:test:     [90m    at createConnectionError (node:net:1678:14)[39m
@apex/export:test:     [90m    at afterConnectMultiple (node:net:1708:16)[39m {
@apex/export:test:       errno: [33m-4078[39m,
@apex/export:test:       code: [32m'ECONNREFUSED'[39m,
@apex/export:test:       syscall: [32m'connect'[39m,
@apex/export:test:       address: [32m'::1'[39m,
@apex/export:test:       port: [33m6379[39m
@apex/export:test:     },
@apex/export:test:     Error: connect ECONNREFUSED 127.0.0.1:6379
@apex/export:test:     [90m    at createConnectionError (node:net:1678:14)[39m
@apex/export:test:     [90m    at afterConnectMultiple (node:net:1708:16)[39m {
@apex/export:test:       errno: [33m-4078[39m,
@apex/export:test:       code: [32m'ECONNREFUSED'[39m,
@apex/export:test:       syscall: [32m'connect'[39m,
@apex/export:test:       address: [32m'127.0.0.1'[39m,
@apex/export:test:       port: [33m6379[39m
@apex/export:test:     }
@apex/export:test:   ]
@apex/export:test: }
@apex/export:test: 
@apex/export:test: AggregateError: 
@apex/export:test: [90m    at internalConnectMultiple (node:net:1134:18)[39m
@apex/export:test: [90m    at afterConnectMultiple (node:net:1715:7)[39m {
@apex/export:test:   code: [32m'ECONNREFUSED'[39m,
@apex/export:test:   [errors]: [
@apex/export:test:     Error: connect ECONNREFUSED ::1:6379
@apex/export:test:     [90m    at createConnectionError (node:net:1678:14)[39m
@apex/export:test:     [90m    at afterConnectMultiple (node:net:1708:16)[39m {
@apex/export:test:       errno: [33m-4078[39m,
@apex/export:test:       code: [32m'ECONNREFUSED'[39m,
@apex/export:test:       syscall: [32m'connect'[39m,
@apex/export:test:       address: [32m'::1'[39m,
@apex/export:test:       port: [33m6379[39m
@apex/export:test:     },
@apex/export:test:     Error: connect ECONNREFUSED 127.0.0.1:6379
@apex/export:test:     [90m    at createConnectionError (node:net:1678:14)[39m
@apex/export:test:     [90m    at afterConnectMultiple (node:net:1708:16)[39m {
@apex/export:test:       errno: [33m-4078[39m,
@apex/export:test:       code: [32m'ECONNREFUSED'[39m,
@apex/export:test:       syscall: [32m'connect'[39m,
@apex/export:test:       address: [32m'127.0.0.1'[39m,
@apex/export:test:       port: [33m6379[39m
@apex/export:test:     }
@apex/export:test:   ]
@apex/export:test: }
@apex/export:test: 
@apex/export:test: [90mstderr[2m | src/export.service.test.ts[2m > [22m[2mExportService[2m > [22m[2mS14.4: Job Management[2m > [22m[2mshould track job status correctly[22m[39m
@apex/export:test: AggregateError: 
@apex/export:test: [90m    at internalConnectMultiple (node:net:1134:18)[39m
@apex/export:test: [90m    at afterConnectMultiple (node:net:1715:7)[39m {
@apex/export:test:   code: [32m'ECONNREFUSED'[39m,
@apex/export:test:   [errors]: [
@apex/export:test:     Error: connect ECONNREFUSED ::1:6379
@apex/export:test:     [90m    at createConnectionError (node:net:1678:14)[39m
@apex/export:test:     [90m    at afterConnectMultiple (node:net:1708:16)[39m {
@apex/export:test:       errno: [33m-4078[39m,
@apex/export:test:       code: [32m'ECONNREFUSED'[39m,
@apex/export:test:       syscall: [32m'connect'[39m,
@apex/export:test:       address: [32m'::1'[39m,
@apex/export:test:       port: [33m6379[39m
@apex/export:test:     },
@apex/export:test:     Error: connect ECONNREFUSED 127.0.0.1:6379
@apex/export:test:     [90m    at createConnectionError (node:net:1678:14)[39m
@apex/export:test:     [90m    at afterConnectMultiple (node:net:1708:16)[39m {
@apex/export:test:       errno: [33m-4078[39m,
@apex/export:test:       code: [32m'ECONNREFUSED'[39m,
@apex/export:test:       syscall: [32m'connect'[39m,
@apex/export:test:       address: [32m'127.0.0.1'[39m,
@apex/export:test:       port: [33m6379[39m
@apex/export:test:     }
@apex/export:test:   ]
@apex/export:test: }
@apex/export:test: 
@apex/export:test: AggregateError: 
@apex/export:test: [90m    at internalConnectMultiple (node:net:1134:18)[39m
@apex/export:test: [90m    at afterConnectMultiple (node:net:1715:7)[39m {
@apex/export:test:   code: [32m'ECONNREFUSED'[39m,
@apex/export:test:   [errors]: [
@apex/export:test:     Error: connect ECONNREFUSED ::1:6379
@apex/export:test:     [90m    at createConnectionError (node:net:1678:14)[39m
@apex/export:test:     [90m    at afterConnectMultiple (node:net:1708:16)[39m {
@apex/export:test:       errno: [33m-4078[39m,
@apex/export:test:       code: [32m'ECONNREFUSED'[39m,
@apex/export:test:       syscall: [32m'connect'[39m,
@apex/export:test:       address: [32m'::1'[39m,
@apex/export:test:       port: [33m6379[39m
@apex/export:test:     },
@apex/export:test:     Error: connect ECONNREFUSED 127.0.0.1:6379
@apex/export:test:     [90m    at createConnectionError (node:net:1678:14)[39m
@apex/export:test:     [90m    at afterConnectMultiple (node:net:1708:16)[39m {
@apex/export:test:       errno: [33m-4078[39m,
@apex/export:test:       code: [32m'ECONNREFUSED'[39m,
@apex/export:test:       syscall: [32m'connect'[39m,
@apex/export:test:       address: [32m'127.0.0.1'[39m,
@apex/export:test:       port: [33m6379[39m
@apex/export:test:     }
@apex/export:test:   ]
@apex/export:test: }
@apex/export:test: AggregateError: 
@apex/export:test: [90m    at internalConnectMultiple (node:net:1134:18)[39m
@apex/export:test: [90m    at afterConnectMultiple (node:net:1715:7)[39m {
@apex/export:test:   code: [32m'ECONNREFUSED'[39m,
@apex/export:test:   [errors]: [
@apex/export:test:     Error: connect ECONNREFUSED ::1:6379
@apex/export:test:     [90m    at createConnectionError (node:net:1678:14)[39m
@apex/export:test:     [90m    at afterConnectMultiple (node:net:1708:16)[39m {
@apex/export:test:       errno: [33m-4078[39m,
@apex/export:test:       code: [32m'ECONNREFUSED'[39m,
@apex/export:test:       syscall: [32m'connect'[39m,
@apex/export:test:       address: [32m'::1'[39m,
@apex/export:test:       port: [33m6379[39m
@apex/export:test:     },
@apex/export:test:     Error: connect ECONNREFUSED 127.0.0.1:6379
@apex/export:test:     [90m    at createConnectionError (node:net:1678:14)[39m
@apex/export:test:     [90m    at afterConnectMultiple (node:net:1708:16)[39m {
@apex/export:test:       errno: [33m-4078[39m,
@apex/export:test:       code: [32m'ECONNREFUSED'[39m,
@apex/export:test:       syscall: [32m'connect'[39m,
@apex/export:test:       address: [32m'127.0.0.1'[39m,
@apex/export:test:       port: [33m6379[39m
@apex/export:test:     }
@apex/export:test:   ]
@apex/export:test: }
@apex/export:test: AggregateError: 
@apex/export:test: [90m    at internalConnectMultiple (node:net:1134:18)[39m
@apex/export:test: [90m    at afterConnectMultiple (node:net:1715:7)[39m {
@apex/export:test:   code: [32m'ECONNREFUSED'[39m,
@apex/export:test:   [errors]: [
@apex/export:test:     Error: connect ECONNREFUSED ::1:6379
@apex/export:test:     [90m    at createConnectionError (node:net:1678:14)[39m
@apex/export:test:     [90m    at afterConnectMultiple (node:net:1708:16)[39m {
@apex/export:test:       errno: [33m-4078[39m,
@apex/export:test:       code: [32m'ECONNREFUSED'[39m,
@apex/export:test:       syscall: [32m'connect'[39m,
@apex/export:test:       address: [32m'::1'[39m,
@apex/export:test:       port: [33m6379[39m
@apex/export:test:     },
@apex/export:test:     Error: connect ECONNREFUSED 127.0.0.1:6379
@apex/export:test:     [90m    at createConnectionError (node:net:1678:14)[39m
@apex/export:test:     [90m    at afterConnectMultiple (node:net:1708:16)[39m {
@apex/export:test:       errno: [33m-4078[39m,
@apex/export:test:       code: [32m'ECONNREFUSED'[39m,
@apex/export:test:       syscall: [32m'connect'[39m,
@apex/export:test:       address: [32m'127.0.0.1'[39m,
@apex/export:test:       port: [33m6379[39m
@apex/export:test:     }
@apex/export:test:   ]
@apex/export:test: }
@apex/export:test: 
@apex/export:test: AggregateError: 
@apex/export:test: [90m    at internalConnectMultiple (node:net:1134:18)[39m
@apex/export:test: [90m    at afterConnectMultiple (node:net:1715:7)[39m {
@apex/export:test:   code: [32m'ECONNREFUSED'[39m,
@apex/export:test:   [errors]: [
@apex/export:test:     Error: connect ECONNREFUSED ::1:6379
@apex/export:test:     [90m    at createConnectionError (node:net:1678:14)[39m
@apex/export:test:     [90m    at afterConnectMultiple (node:net:1708:16)[39m {
@apex/export:test:       errno: [33m-4078[39m,
@apex/export:test:       code: [32m'ECONNREFUSED'[39m,
@apex/export:test:       syscall: [32m'connect'[39m,
@apex/export:test:       address: [32m'::1'[39m,
@apex/export:test:       port: [33m6379[39m
@apex/export:test:     },
@apex/export:test:     Error: connect ECONNREFUSED 127.0.0.1:6379
@apex/export:test:     [90m    at createConnectionError (node:net:1678:14)[39m
@apex/export:test:     [90m    at afterConnectMultiple (node:net:1708:16)[39m {
@apex/export:test:       errno: [33m-4078[39m,
@apex/export:test:       code: [32m'ECONNREFUSED'[39m,
@apex/export:test:       syscall: [32m'connect'[39m,
@apex/export:test:       address: [32m'127.0.0.1'[39m,
@apex/export:test:       port: [33m6379[39m
@apex/export:test:     }
@apex/export:test:   ]
@apex/export:test: }
@apex/export:test: AggregateError: 
@apex/export:test: [90m    at internalConnectMultiple (node:net:1134:18)[39m
@apex/export:test: [90m    at afterConnectMultiple (node:net:1715:7)[39m {
@apex/export:test:   code: [32m'ECONNREFUSED'[39m,
@apex/export:test:   [errors]: [
@apex/export:test:     Error: connect ECONNREFUSED ::1:6379
@apex/export:test:     [90m    at createConnectionError (node:net:1678:14)[39m
@apex/export:test:     [90m    at afterConnectMultiple (node:net:1708:16)[39m {
@apex/export:test:       errno: [33m-4078[39m,
@apex/export:test:       code: [32m'ECONNREFUSED'[39m,
@apex/export:test:       syscall: [32m'connect'[39m,
@apex/export:test:       address: [32m'::1'[39m,
@apex/export:test:       port: [33m6379[39m
@apex/export:test:     },
@apex/export:test:     Error: connect ECONNREFUSED 127.0.0.1:6379
@apex/export:test:     [90m    at createConnectionError (node:net:1678:14)[39m
@apex/export:test:     [90m    at afterConnectMultiple (node:net:1708:16)[39m {
@apex/export:test:       errno: [33m-4078[39m,
@apex/export:test:       code: [32m'ECONNREFUSED'[39m,
@apex/export:test:       syscall: [32m'connect'[39m,
@apex/export:test:       address: [32m'127.0.0.1'[39m,
@apex/export:test:       port: [33m6379[39m
@apex/export:test:     }
@apex/export:test:   ]
@apex/export:test: }
@apex/export:test: AggregateError: 
@apex/export:test: [90m    at internalConnectMultiple (node:net:1134:18)[39m
@apex/export:test: [90m    at afterConnectMultiple (node:net:1715:7)[39m {
@apex/export:test:   code: [32m'ECONNREFUSED'[39m,
@apex/export:test:   [errors]: [
@apex/export:test:     Error: connect ECONNREFUSED ::1:6379
@apex/export:test:     [90m    at createConnectionError (node:net:1678:14)[39m
@apex/export:test:     [90m    at afterConnectMultiple (node:net:1708:16)[39m {
@apex/export:test:       errno: [33m-4078[39m,
@apex/export:test:       code: [32m'ECONNREFUSED'[39m,
@apex/export:test:       syscall: [32m'connect'[39m,
@apex/export:test:       address: [32m'::1'[39m,
@apex/export:test:       port: [33m6379[39m
@apex/export:test:     },
@apex/export:test:     Error: connect ECONNREFUSED 127.0.0.1:6379
@apex/export:test:     [90m    at createConnectionError (node:net:1678:14)[39m
@apex/export:test:     [90m    at afterConnectMultiple (node:net:1708:16)[39m {
@apex/export:test:       errno: [33m-4078[39m,
@apex/export:test:       code: [32m'ECONNREFUSED'[39m,
@apex/export:test:       syscall: [32m'connect'[39m,
@apex/export:test:       address: [32m'127.0.0.1'[39m,
@apex/export:test:       port: [33m6379[39m
@apex/export:test:     }
@apex/export:test:   ]
@apex/export:test: }
@apex/export:test: 
@apex/export:test: [90mstderr[2m | src/export.service.test.ts[2m > [22m[2mExportService[2m > [22m[2mS14.4: Job Management[2m > [22m[2mshould allow cancelling pending jobs[22m[39m
@apex/export:test: AggregateError: 
@apex/export:test: [90m    at internalConnectMultiple (node:net:1134:18)[39m
@apex/export:test: [90m    at afterConnectMultiple (node:net:1715:7)[39m {
@apex/export:test:   code: [32m'ECONNREFUSED'[39m,
@apex/export:test:   [errors]: [
@apex/export:test:     Error: connect ECONNREFUSED ::1:6379
@apex/export:test:     [90m    at createConnectionError (node:net:1678:14)[39m
@apex/export:test:     [90m    at afterConnectMultiple (node:net:1708:16)[39m {
@apex/export:test:       errno: [33m-4078[39m,
@apex/export:test:       code: [32m'ECONNREFUSED'[39m,
@apex/export:test:       syscall: [32m'connect'[39m,
@apex/export:test:       address: [32m'::1'[39m,
@apex/export:test:       port: [33m6379[39m
@apex/export:test:     },
@apex/export:test:     Error: connect ECONNREFUSED 127.0.0.1:6379
@apex/export:test:     [90m    at createConnectionError (node:net:1678:14)[39m
@apex/export:test:     [90m    at afterConnectMultiple (node:net:1708:16)[39m {
@apex/export:test:       errno: [33m-4078[39m,
@apex/export:test:       code: [32m'ECONNREFUSED'[39m,
@apex/export:test:       syscall: [32m'connect'[39m,
@apex/export:test:       address: [32m'127.0.0.1'[39m,
@apex/export:test:       port: [33m6379[39m
@apex/export:test:     }
@apex/export:test:   ]
@apex/export:test: }
@apex/export:test: AggregateError: 
@apex/export:test: [90m    at internalConnectMultiple (node:net:1134:18)[39m
@apex/export:test: [90m    at afterConnectMultiple (node:net:1715:7)[39m {
@apex/export:test:   code: [32m'ECONNREFUSED'[39m,
@apex/export:test:   [errors]: [
@apex/export:test:     Error: connect ECONNREFUSED ::1:6379
@apex/export:test:     [90m    at createConnectionError (node:net:1678:14)[39m
@apex/export:test:     [90m    at afterConnectMultiple (node:net:1708:16)[39m {
@apex/export:test:       errno: [33m-4078[39m,
@apex/export:test:       code: [32m'ECONNREFUSED'[39m,
@apex/export:test:       syscall: [32m'connect'[39m,
@apex/export:test:       address: [32m'::1'[39m,
@apex/export:test:       port: [33m6379[39m
@apex/export:test:     },
@apex/export:test:     Error: connect ECONNREFUSED 127.0.0.1:6379
@apex/export:test:     [90m    at createConnectionError (node:net:1678:14)[39m
@apex/export:test:     [90m    at afterConnectMultiple (node:net:1708:16)[39m {
@apex/export:test:       errno: [33m-4078[39m,
@apex/export:test:       code: [32m'ECONNREFUSED'[39m,
@apex/export:test:       syscall: [32m'connect'[39m,
@apex/export:test:       address: [32m'127.0.0.1'[39m,
@apex/export:test:       port: [33m6379[39m
@apex/export:test:     }
@apex/export:test:   ]
@apex/export:test: }
@apex/export:test: AggregateError: 
@apex/export:test: [90m    at internalConnectMultiple (node:net:1134:18)[39m
@apex/export:test: [90m    at afterConnectMultiple (node:net:1715:7)[39m {
@apex/export:test:   code: [32m'ECONNREFUSED'[39m,
@apex/export:test:   [errors]: [
@apex/export:test:     Error: connect ECONNREFUSED ::1:6379
@apex/export:test:     [90m    at createConnectionError (node:net:1678:14)[39m
@apex/export:test:     [90m    at afterConnectMultiple (node:net:1708:16)[39m {
@apex/export:test:       errno: [33m-4078[39m,
@apex/export:test:       code: [32m'ECONNREFUSED'[39m,
@apex/export:test:       syscall: [32m'connect'[39m,
@apex/export:test:       address: [32m'::1'[39m,
@apex/export:test:       port: [33m6379[39m
@apex/export:test:     },
@apex/export:test:     Error: connect ECONNREFUSED 127.0.0.1:6379
@apex/export:test:     [90m    at createConnectionError (node:net:1678:14)[39m
@apex/export:test:     [90m    at afterConnectMultiple (node:net:1708:16)[39m {
@apex/export:test:       errno: [33m-4078[39m,
@apex/export:test:       code: [32m'ECONNREFUSED'[39m,
@apex/export:test:       syscall: [32m'connect'[39m,
@apex/export:test:       address: [32m'127.0.0.1'[39m,
@apex/export:test:       port: [33m6379[39m
@apex/export:test:     }
@apex/export:test:   ]
@apex/export:test: }
@apex/export:test: 
@apex/export:test: AggregateError: 
@apex/export:test: [90m    at internalConnectMultiple (node:net:1134:18)[39m
@apex/export:test: [90m    at afterConnectMultiple (node:net:1715:7)[39m {
@apex/export:test:   code: [32m'ECONNREFUSED'[39m,
@apex/export:test:   [errors]: [
@apex/export:test:     Error: connect ECONNREFUSED ::1:6379
@apex/export:test:     [90m    at createConnectionError (node:net:1678:14)[39m
@apex/export:test:     [90m    at afterConnectMultiple (node:net:1708:16)[39m {
@apex/export:test:       errno: [33m-4078[39m,
@apex/export:test:       code: [32m'ECONNREFUSED'[39m,
@apex/export:test:       syscall: [32m'connect'[39m,
@apex/export:test:       address: [32m'::1'[39m,
@apex/export:test:       port: [33m6379[39m
@apex/export:test:     },
@apex/export:test:     Error: connect ECONNREFUSED 127.0.0.1:6379
@apex/export:test:     [90m    at createConnectionError (node:net:1678:14)[39m
@apex/export:test:     [90m    at afterConnectMultiple (node:net:1708:16)[39m {
@apex/export:test:       errno: [33m-4078[39m,
@apex/export:test:       code: [32m'ECONNREFUSED'[39m,
@apex/export:test:       syscall: [32m'connect'[39m,
@apex/export:test:       address: [32m'127.0.0.1'[39m,
@apex/export:test:       port: [33m6379[39m
@apex/export:test:     }
@apex/export:test:   ]
@apex/export:test: }
@apex/export:test: 
@apex/export:test: AggregateError: 
@apex/export:test: [90m    at internalConnectMultiple (node:net:1134:18)[39m
@apex/export:test: [90m    at afterConnectMultiple (node:net:1715:7)[39m {
@apex/export:test:   code: [32m'ECONNREFUSED'[39m,
@apex/export:test:   [errors]: [
@apex/export:test:     Error: connect ECONNREFUSED ::1:6379
@apex/export:test:     [90m    at createConnectionError (node:net:1678:14)[39m
@apex/export:test:     [90m    at afterConnectMultiple (node:net:1708:16)[39m {
@apex/export:test:       errno: [33m-4078[39m,
@apex/export:test:       code: [32m'ECONNREFUSED'[39m,
@apex/export:test:       syscall: [32m'connect'[39m,
@apex/export:test:       address: [32m'::1'[39m,
@apex/export:test:       port: [33m6379[39m
@apex/export:test:     },
@apex/export:test:     Error: connect ECONNREFUSED 127.0.0.1:6379
@apex/export:test:     [90m    at createConnectionError (node:net:1678:14)[39m
@apex/export:test:     [90m    at afterConnectMultiple (node:net:1708:16)[39m {
@apex/export:test:       errno: [33m-4078[39m,
@apex/export:test:       code: [32m'ECONNREFUSED'[39m,
@apex/export:test:       syscall: [32m'connect'[39m,
@apex/export:test:       address: [32m'127.0.0.1'[39m,
@apex/export:test:       port: [33m6379[39m
@apex/export:test:     }
@apex/export:test:   ]
@apex/export:test: }
@apex/export:test: 
@apex/export:test: [90mstderr[2m | src/export.service.test.ts[2m > [22m[2mExportService[2m > [22m[2mS14.4: Job Management[2m > [22m[2mshould list all tenant exports[22m[39m
@apex/export:test: AggregateError: 
@apex/export:test: [90m    at internalConnectMultiple (node:net:1134:18)[39m
@apex/export:test: [90m    at afterConnectMultiple (node:net:1715:7)[39m {
@apex/export:test:   code: [32m'ECONNREFUSED'[39m,
@apex/export:test:   [errors]: [
@apex/export:test:     Error: connect ECONNREFUSED ::1:6379
@apex/export:test:     [90m    at createConnectionError (node:net:1678:14)[39m
@apex/export:test:     [90m    at afterConnectMultiple (node:net:1708:16)[39m {
@apex/export:test:       errno: [33m-4078[39m,
@apex/export:test:       code: [32m'ECONNREFUSED'[39m,
@apex/export:test:       syscall: [32m'connect'[39m,
@apex/export:test:       address: [32m'::1'[39m,
@apex/export:test:       port: [33m6379[39m
@apex/export:test:     },
@apex/export:test:     Error: connect ECONNREFUSED 127.0.0.1:6379
@apex/export:test:     [90m    at createConnectionError (node:net:1678:14)[39m
@apex/export:test:     [90m    at afterConnectMultiple (node:net:1708:16)[39m {
@apex/export:test:       errno: [33m-4078[39m,
@apex/export:test:       code: [32m'ECONNREFUSED'[39m,
@apex/export:test:       syscall: [32m'connect'[39m,
@apex/export:test:       address: [32m'127.0.0.1'[39m,
@apex/export:test:       port: [33m6379[39m
@apex/export:test:     }
@apex/export:test:   ]
@apex/export:test: }
@apex/export:test: 
@apex/export:test: AggregateError: 
@apex/export:test: [90m    at internalConnectMultiple (node:net:1134:18)[39m
@apex/export:test: [90m    at afterConnectMultiple (node:net:1715:7)[39m {
@apex/export:test:   code: [32m'ECONNREFUSED'[39m,
@apex/export:test:   [errors]: [
@apex/export:test:     Error: connect ECONNREFUSED ::1:6379
@apex/export:test:     [90m    at createConnectionError (node:net:1678:14)[39m
@apex/export:test:     [90m    at afterConnectMultiple (node:net:1708:16)[39m {
@apex/export:test:       errno: [33m-4078[39m,
@apex/export:test:       code: [32m'ECONNREFUSED'[39m,
@apex/export:test:       syscall: [32m'connect'[39m,
@apex/export:test:       address: [32m'::1'[39m,
@apex/export:test:       port: [33m6379[39m
@apex/export:test:     },
@apex/export:test:     Error: connect ECONNREFUSED 127.0.0.1:6379
@apex/export:test:     [90m    at createConnectionError (node:net:1678:14)[39m
@apex/export:test:     [90m    at afterConnectMultiple (node:net:1708:16)[39m {
@apex/export:test:       errno: [33m-4078[39m,
@apex/export:test:       code: [32m'ECONNREFUSED'[39m,
@apex/export:test:       syscall: [32m'connect'[39m,
@apex/export:test:       address: [32m'127.0.0.1'[39m,
@apex/export:test:       port: [33m6379[39m
@apex/export:test:     }
@apex/export:test:   ]
@apex/export:test: }
@apex/export:test: 
@apex/export:test: AggregateError: 
@apex/export:test: [90m    at internalConnectMultiple (node:net:1134:18)[39m
@apex/export:test: [90m    at afterConnectMultiple (node:net:1715:7)[39m {
@apex/export:test:   code: [32m'ECONNREFUSED'[39m,
@apex/export:test:   [errors]: [
@apex/export:test:     Error: connect ECONNREFUSED ::1:6379
@apex/export:test:     [90m    at createConnectionError (node:net:1678:14)[39m
@apex/export:test:     [90m    at afterConnectMultiple (node:net:1708:16)[39m {
@apex/export:test:       errno: [33m-4078[39m,
@apex/export:test:       code: [32m'ECONNREFUSED'[39m,
@apex/export:test:       syscall: [32m'connect'[39m,
@apex/export:test:       address: [32m'::1'[39m,
@apex/export:test:       port: [33m6379[39m
@apex/export:test:     },
@apex/export:test:     Error: connect ECONNREFUSED 127.0.0.1:6379
@apex/export:test:     [90m    at createConnectionError (node:net:1678:14)[39m
@apex/export:test:     [90m    at afterConnectMultiple (node:net:1708:16)[39m {
@apex/export:test:       errno: [33m-4078[39m,
@apex/export:test:       code: [32m'ECONNREFUSED'[39m,
@apex/export:test:       syscall: [32m'connect'[39m,
@apex/export:test:       address: [32m'127.0.0.1'[39m,
@apex/export:test:       port: [33m6379[39m
@apex/export:test:     }
@apex/export:test:   ]
@apex/export:test: }
@apex/export:test: 
@apex/export:test: [90mstderr[2m | src/export.service.test.ts[2m > [22m[2mExportService[2m > [22m[2mS14.5: Audit Logging[2m > [22m[2mshould log export request[22m[39m
@apex/export:test: AggregateError: 
@apex/export:test: [90m    at internalConnectMultiple (node:net:1134:18)[39m
@apex/export:test: [90m    at afterConnectMultiple (node:net:1715:7)[39m {
@apex/export:test:   code: [32m'ECONNREFUSED'[39m,
@apex/export:test:   [errors]: [
@apex/export:test:     Error: connect ECONNREFUSED ::1:6379
@apex/export:test:     [90m    at createConnectionError (node:net:1678:14)[39m
@apex/export:test:     [90m    at afterConnectMultiple (node:net:1708:16)[39m {
@apex/export:test:       errno: [33m-4078[39m,
@apex/export:test:       code: [32m'ECONNREFUSED'[39m,
@apex/export:test:       syscall: [32m'connect'[39m,
@apex/export:test:       address: [32m'::1'[39m,
@apex/export:test:       port: [33m6379[39m
@apex/export:test:     },
@apex/export:test:     Error: connect ECONNREFUSED 127.0.0.1:6379
@apex/export:test:     [90m    at createConnectionError (node:net:1678:14)[39m
@apex/export:test:     [90m    at afterConnectMultiple (node:net:1708:16)[39m {
@apex/export:test:       errno: [33m-4078[39m,
@apex/export:test:       code: [32m'ECONNREFUSED'[39m,
@apex/export:test:       syscall: [32m'connect'[39m,
@apex/export:test:       address: [32m'127.0.0.1'[39m,
@apex/export:test:       port: [33m6379[39m
@apex/export:test:     }
@apex/export:test:   ]
@apex/export:test: }
@apex/export:test: 
@apex/export:test: [32m[Nest] 10488  - [39mÙ Ù¨â€/Ù Ù¢â€/Ù¢Ù Ù¢Ù¦ØŒ Ù©:Ù¡Ù¥:Ù£Ù¦ Ù… [32m    LOG[39m [38;5;3m[LiteExportStrategy] [39m[32mStarting lite export for tenant: big-tenant[39m
@apex/export:test:  [33mâ¯[39m src/export.service.test.ts [2m ([22m[2m12 tests[22m [2m|[22m [31m11 failed[39m[2m)[22m[90m 276[2mms[22m[39m
@apex/export:test: [31m   [33mâ¯[31m src/export.service.test.ts[2m > [22mExportService[2m > [22mS14.1: Tenant Isolation[2m > [22mshould reject export for non-existent tenant[39m
@apex/export:test: [31m     â†’ expected [Function] to throw error including 'Invalid export options' but got ''[39m
@apex/export:test: [31m   [33mâ¯[31m src/export.service.test.ts[2m > [22mExportService[2m > [22mS14.1: Tenant Isolation[2m > [22mshould allow only one concurrent export per tenant[39m
@apex/export:test: [31m     â†’ [39m
@apex/export:test: [31m   [33mâ¯[31m src/export.service.test.ts[2m > [22mExportService[2m > [22mS14.2: Duplicate Detection[2m > [22mshould reject duplicate requests within 1 minute[39m
@apex/export:test: [31m     â†’ [39m
@apex/export:test: [31m   [33mâ¯[31m src/export.service.test.ts[2m > [22mExportService[2m > [22mS14.3: Export Validation[2m > [22mshould validate lite profile options[39m
@apex/export:test: [31m     â†’ [39m
@apex/export:test: [31m   [33mâ¯[31m src/export.service.test.ts[2m > [22mExportService[2m > [22mS14.3: Export Validation[2m > [22mshould accept native profile for valid tenant[39m
@apex/export:test: [31m     â†’ Invalid export options for profile: native[39m
@apex/export:test: [31m   [33mâ¯[31m src/export.service.test.ts[2m > [22mExportService[2m > [22mS14.4: Job Management[2m > [22mshould track job status correctly[39m
@apex/export:test: [31m     â†’ [39m
@apex/export:test: [31m   [33mâ¯[31m src/export.service.test.ts[2m > [22mExportService[2m > [22mS14.4: Job Management[2m > [22mshould allow cancelling pending jobs[39m
@apex/export:test: [31m     â†’ [39m
@apex/export:test: [31m   [33mâ¯[31m src/export.service.test.ts[2m > [22mExportService[2m > [22mS14.4: Job Management[2m > [22mshould list all tenant exports[39m
@apex/export:test: [31m     â†’ [39m
@apex/export:test: [31m   [33mâ¯[31m src/export.service.test.ts[2m > [22mExportService[2m > [22mS14.5: Audit Logging[2m > [22mshould log export request[39m
@apex/export:test: [31m     â†’ [39m
@apex/export:test: [31m   [33mâ¯[31m src/export.service.test.ts[2m > [22mExport Strategies[2m > [22mLiteExportStrategy[2m > [22mshould enforce row count limit (100K)[39m
@apex/export:test: [31m     â†’ expected [Function] to throw error including 'exceeds max rows' but got 'Bun is not defined'[39m
@apex/export:test: [31m   [33mâ¯[31m src/export.service.test.ts[2m > [22mExport Strategies[2m > [22mLiteExportStrategy[2m > [22mshould generate valid checksum[39m
@apex/export:test: [31m     â†’ Bun is not defined[39m
@apex/export:test: AggregateError: 
@apex/export:test: [90m    at internalConnectMultiple (node:net:1134:18)[39m
@apex/export:test: [90m    at afterConnectMultiple (node:net:1715:7)[39m {
@apex/export:test:   code: [32m'ECONNREFUSED'[39m,
@apex/export:test:   [errors]: [
@apex/export:test:     Error: connect ECONNREFUSED ::1:6379
@apex/export:test:     [90m    at createConnectionError (node:net:1678:14)[39m
@apex/export:test:     [90m    at afterConnectMultiple (node:net:1708:16)[39m {
@apex/export:test:       errno: [33m-4078[39m,
@apex/export:test:       code: [32m'ECONNREFUSED'[39m,
@apex/export:test:       syscall: [32m'connect'[39m,
@apex/export:test:       address: [32m'::1'[39m,
@apex/export:test:       port: [33m6379[39m
@apex/export:test:     },
@apex/export:test:     Error: connect ECONNREFUSED 127.0.0.1:6379
@apex/export:test:     [90m    at createConnectionError (node:net:1678:14)[39m
@apex/export:test:     [90m    at afterConnectMultiple (node:net:1708:16)[39m {
@apex/export:test:       errno: [33m-4078[39m,
@apex/export:test:       code: [32m'ECONNREFUSED'[39m,
@apex/export:test:       syscall: [32m'connect'[39m,
@apex/export:test:       address: [32m'127.0.0.1'[39m,
@apex/export:test:       port: [33m6379[39m
@apex/export:test:     }
@apex/export:test:   ]
@apex/export:test: }
@apex/export:test: 
@apex/export:test: AggregateError: 
@apex/export:test: [90m    at internalConnectMultiple (node:net:1134:18)[39m
@apex/export:test: [90m    at afterConnectMultiple (node:net:1715:7)[39m {
@apex/export:test:   code: [32m'ECONNREFUSED'[39m,
@apex/export:test:   [errors]: [
@apex/export:test:     Error: connect ECONNREFUSED ::1:6379
@apex/export:test:     [90m    at createConnectionError (node:net:1678:14)[39m
@apex/export:test:     [90m    at afterConnectMultiple (node:net:1708:16)[39m {
@apex/export:test:       errno: [33m-4078[39m,
@apex/export:test:       code: [32m'ECONNREFUSED'[39m,
@apex/export:test:       syscall: [32m'connect'[39m,
@apex/export:test:       address: [32m'::1'[39m,
@apex/export:test:       port: [33m6379[39m
@apex/export:test:     },
@apex/export:test:     Error: connect ECONNREFUSED 127.0.0.1:6379
@apex/export:test:     [90m    at createConnectionError (node:net:1678:14)[39m
@apex/export:test: [32m[Nest] 10488  - [39mÙ Ù¨â€/Ù Ù¢â€/Ù¢Ù Ù¢Ù¦ØŒ Ù©:Ù¡Ù¥:Ù£Ù¦ Ù… [32m    LOG[39m [38;5;3m[LiteExportStrategy] [39m[32mStarting lite export for tenant: checksum-test[39m
@apex/export:test:     [90m    at afterConnectMultiple (node:net:1708:16)[39m {
@apex/export:test:       errno: [33m-4078[39m,
@apex/export:test:       code: [32m'ECONNREFUSED'[39m,
@apex/export:test:       syscall: [32m'connect'[39m,
@apex/export:test:       address: [32m'127.0.0.1'[39m,
@apex/export:test:       port: [33m6379[39m
@apex/export:test:     }
@apex/export:test:   ]
@apex/export:test: }
@apex/export:test: 
@apex/export:test: [90mstderr[2m | src/export.service.test.ts[22m[39m
@apex/export:test: AggregateError: 
@apex/export:test: [90m    at internalConnectMultiple (node:net:1134:18)[39m
@apex/export:test: [90m    at afterConnectMultiple (node:net:1715:7)[39m {
@apex/export:test:   code: [32m'ECONNREFUSED'[39m,
@apex/export:test:   [errors]: [
@apex/export:test:     Error: connect ECONNREFUSED ::1:6379
@apex/export:test:     [90m    at createConnectionError (node:net:1678:14)[39m
@apex/export:test:     [90m    at afterConnectMultiple (node:net:1708:16)[39m {
@apex/export:test:       errno: [33m-4078[39m,
@apex/export:test:       code: [32m'ECONNREFUSED'[39m,
@apex/export:test:       syscall: [32m'connect'[39m,
@apex/export:test:       address: [32m'::1'[39m,
@apex/export:test:       port: [33m6379[39m
@apex/export:test:     },
@apex/export:test:     Error: connect ECONNREFUSED 127.0.0.1:6379
@apex/export:test:     [90m    at createConnectionError (node:net:1678:14)[39m
@apex/export:test:     [90m    at afterConnectMultiple (node:net:1708:16)[39m {
@apex/export:test:       errno: [33m-4078[39m,
@apex/export:test:       code: [32m'ECONNREFUSED'[39m,
@apex/export:test:       syscall: [32m'connect'[39m,
@apex/export:test:       address: [32m'127.0.0.1'[39m,
@apex/export:test:       port: [33m6379[39m
@apex/export:test:     }
@apex/export:test:   ]
@apex/export:test: }
@apex/export:test: 
@apex/export:test: 
@apex/export:test: [31mâŽ¯âŽ¯âŽ¯âŽ¯âŽ¯âŽ¯[1m[7m Failed Tests 23 [27m[22mâŽ¯âŽ¯âŽ¯âŽ¯âŽ¯âŽ¯âŽ¯[39m
@apex/export:test: 
@apex/export:test: [31m[1m[7m FAIL [27m[22m[39m src/export-strategy.factory.test.ts[2m > [22mExportStrategyFactory[2m > [22mvalidateOptions[2m > [22mshould validate lite options
@apex/export:test: [31m[1mAssertionError[22m: expected 'undefined' to be 'boolean' // Object.is equality[39m
@apex/export:test: 
@apex/export:test: [32m- Expected[39m
@apex/export:test: [31m+ Received[39m
@apex/export:test: 
@apex/export:test: [32m- boolean[39m
@apex/export:test: [31m+ undefined[39m
@apex/export:test: 
@apex/export:test: [36m [2mâ¯[22m src/export-strategy.factory.test.ts:[2m58:35[22m[39m
@apex/export:test:     [90m 56| [39m
@apex/export:test:     [90m 57| [39m            [35mconst[39m result [33m=[39m [35mawait[39m factory[33m.[39m[34mvalidateOptions[39m(options)[33m;[39m
@apex/export:test:     [90m 58| [39m            [34mexpect[39m([35mtypeof[39m result)[33m.[39m[34mtoBe[39m([32m'boolean'[39m)[33m;[39m
@apex/export:test:     [90m   | [39m                                  [31m^[39m
@apex/export:test:     [90m 59| [39m        })[33m;[39m
@apex/export:test:     [90m 60| [39m
@apex/export:test: 
@apex/export:test: [31m[2mâŽ¯âŽ¯âŽ¯âŽ¯âŽ¯âŽ¯âŽ¯âŽ¯âŽ¯âŽ¯âŽ¯âŽ¯âŽ¯âŽ¯âŽ¯âŽ¯âŽ¯âŽ¯âŽ¯âŽ¯âŽ¯âŽ¯âŽ¯[1/23]âŽ¯[22m[39m
@apex/export:test: 
@apex/export:test: [31m[1m[7m FAIL [27m[22m[39m src/export-strategy.factory.test.ts[2m > [22mExportStrategyFactory[2m > [22mvalidateOptions[2m > [22mshould validate native options
@apex/export:test: [31m[1mAssertionError[22m: expected 'undefined' to be 'boolean' // Object.is equality[39m
@apex/export:test: 
@apex/export:test: [32m- Expected[39m
@apex/export:test: [31m+ Received[39m
@apex/export:test: 
@apex/export:test: [32m- boolean[39m
@apex/export:test: [31m+ undefined[39m
@apex/export:test: 
@apex/export:test: [36m [2mâ¯[22m src/export-strategy.factory.test.ts:[2m69:35[22m[39m
@apex/export:test:     [90m 67| [39m
@apex/export:test:     [90m 68| [39m            [35mconst[39m result [33m=[39m [35mawait[39m factory[33m.[39m[34mvalidateOptions[39m(options)[33m;[39m
@apex/export:test:     [90m 69| [39m            [34mexpect[39m([35mtypeof[39m result)[33m.[39m[34mtoBe[39m([32m'boolean'[39m)[33m;[39m
@apex/export:test:     [90m   | [39m                                  [31m^[39m
@apex/export:test:     [90m 70| [39m        })[33m;[39m
@apex/export:test:     [90m 71| [39m
@apex/export:test: 
@apex/export:test: [31m[2mâŽ¯âŽ¯âŽ¯âŽ¯âŽ¯âŽ¯âŽ¯âŽ¯âŽ¯âŽ¯âŽ¯âŽ¯âŽ¯âŽ¯âŽ¯âŽ¯âŽ¯âŽ¯âŽ¯âŽ¯âŽ¯âŽ¯âŽ¯[2/23]âŽ¯[22m[39m
@apex/export:test: 
@apex/export:test: [31m[1m[7m FAIL [27m[22m[39m src/export-strategy.factory.test.ts[2m > [22mExportStrategyFactory[2m > [22mvalidateOptions[2m > [22mshould validate analytics options with date range
@apex/export:test: [31m[1mAssertionError[22m: expected 'undefined' to be 'boolean' // Object.is equality[39m
@apex/export:test: 
@apex/export:test: [32m- Expected[39m
@apex/export:test: [31m+ Received[39m
@apex/export:test: 
@apex/export:test: [32m- boolean[39m
@apex/export:test: [31m+ undefined[39m
@apex/export:test: 
@apex/export:test: [36m [2mâ¯[22m src/export-strategy.factory.test.ts:[2m84:35[22m[39m
@apex/export:test:     [90m 82| [39m
@apex/export:test:     [90m 83| [39m            [35mconst[39m result [33m=[39m [35mawait[39m factory[33m.[39m[34mvalidateOptions[39m(options)[33m;[39m
@apex/export:test:     [90m 84| [39m            [34mexpect[39m([35mtypeof[39m result)[33m.[39m[34mtoBe[39m([32m'boolean'[39m)[33m;[39m
@apex/export:test:     [90m   | [39m                                  [31m^[39m
@apex/export:test:     [90m 85| [39m        })[33m;[39m
@apex/export:test:     [90m 86| [39m    })[33m;[39m
@apex/export:test: 
@apex/export:test: [31m[2mâŽ¯âŽ¯âŽ¯âŽ¯âŽ¯âŽ¯âŽ¯âŽ¯âŽ¯âŽ¯âŽ¯âŽ¯âŽ¯âŽ¯âŽ¯âŽ¯âŽ¯âŽ¯âŽ¯âŽ¯âŽ¯âŽ¯âŽ¯[3/23]âŽ¯[22m[39m
@apex/export:test: 
@apex/export:test: [31m[1m[7m FAIL [27m[22m[39m src/export.service.test.ts[2m > [22mExportService[2m > [22mS14.1: Tenant Isolation[2m > [22mshould reject export for non-existent tenant
@apex/export:test: [31m[1mAssertionError[22m: expected [Function] to throw error including 'Invalid export options' but got ''[39m
@apex/export:test: 
@apex/export:test: [32m- Expected[39m
@apex/export:test: [31m+ Received[39m
@apex/export:test: 
@apex/export:test: [32m- Invalid export options[39m
@apex/export:test: 
@apex/export:test: [36m [2mâ¯[22m src/export.service.test.ts:[2m34:7[22m[39m
@apex/export:test:     [90m 32| [39m  [34mdescribe[39m([32m'S14.1: Tenant Isolation'[39m[33m,[39m () [33m=>[39m {
@apex/export:test:     [90m 33| [39m    [34mit[39m([32m'should reject export for non-existent tenant'[39m[33m,[39m [35masync[39m () [33m=>[39m {
@apex/export:test:     [90m 34| [39m      [35mawait[39m [34mexpect[39m(
@apex/export:test:     [90m   | [39m      [31m^[39m
@apex/export:test:     [90m 35| [39m        service[33m.[39m[34mcreateExportJob[39m({
@apex/export:test:     [90m 36| [39m          tenantId[33m:[39m [32m'non-existent-tenant'[39m[33m,[39m
@apex/export:test: 
@apex/export:test: [31m[2mâŽ¯âŽ¯âŽ¯âŽ¯âŽ¯âŽ¯âŽ¯âŽ¯âŽ¯âŽ¯âŽ¯âŽ¯âŽ¯âŽ¯âŽ¯âŽ¯âŽ¯âŽ¯âŽ¯âŽ¯âŽ¯âŽ¯âŽ¯[4/23]âŽ¯[22m[39m
@apex/export:test: 
@apex/export:test: [31m[1m[7m FAIL [27m[22m[39m src/export.service.test.ts[2m > [22mExportService[2m > [22mS14.1: Tenant Isolation[2m > [22mshould allow only one concurrent export per tenant
@apex/export:test: {
@apex/export:test:   stack: 'AggregateError: \n' +
@apex/export:test:     '    at c:\\Users\\Dell\\Desktop\\60sec.shop\\node_modules\\.bun\\pg-pool@3.11.0+32ccf17b773ffb11\\node_modules\\pg-pool\\index.js:45:11\n' +
@apex/export:test:     '    at processTicksAndRejections (node:internal/process/task_queues:103:5)\n' +
@apex/export:test:     '    at LiteExportStrategy.validate (C:\\Users\\Dell\\Desktop\\60sec.shop\\packages\\export\\src\\strategies\\lite-export.strategy.ts:17:20)\n' +
@apex/export:test:     '    at ExportService.createExportJob (C:\\Users\\Dell\\Desktop\\60sec.shop\\packages\\export\\src\\export.service.ts:54:21)\n' +
@apex/export:test:     '    at C:\\Users\\Dell\\Desktop\\60sec.shop\\packages\\export\\src\\export.service.test.ts:45:20\n' +
@apex/export:test:     '    at runTest (file:///c:/Users/Dell/Desktop/60sec.shop/node_modules/.bun/@vitest+runner@1.6.1/node_modules/@vitest/runner/dist/index.js:781:11)\n' +
@apex/export:test:     '    at runSuite (file:///c:/Users/Dell/Desktop/60sec.shop/node_modules/.bun/@vitest+runner@1.6.1/node_modules/@vitest/runner/dist/index.js:909:15)\n' +
@apex/export:test:     '    at runSuite (file:///c:/Users/Dell/Desktop/60sec.shop/node_modules/.bun/@vitest+runner@1.6.1/node_modules/@vitest/runner/dist/index.js:909:15)\n' +
@apex/export:test:     '    at runSuite (file:///c:/Users/Dell/Desktop/60sec.shop/node_modules/.bun/@vitest+runner@1.6.1/node_modules/@vitest/runner/dist/index.js:909:15)\n' +
@apex/export:test:     '    at runFiles (file:///c:/Users/Dell/Desktop/60sec.shop/node_modules/.bun/@vitest+runner@1.6.1/node_modules/@vitest/runner/dist/index.js:958:5)',
@apex/export:test:   errors: [
@apex/export:test:     {
@apex/export:test:       stack: 'Error: connect ECONNREFUSED ::1:5432\n' +
@apex/export:test:         '    at createConnectionError (node:net:1678:14)\n' +
@apex/export:test:         '    at afterConnectMultiple (node:net:1708:16)',
@apex/export:test:       message: 'connect ECONNREFUSED ::1:5432',
@apex/export:test:       errno: -4078,
@apex/export:test:       code: 'ECONNREFUSED',
@apex/export:test:       syscall: 'connect',
@apex/export:test:       address: '::1',
@apex/export:test:       port: 5432,
@apex/export:test:       constructor: 'Function<Error>',
@apex/export:test:       name: 'Error',
@apex/export:test:       toString: 'Function<toString>'
@apex/export:test:     },
@apex/export:test:     {
@apex/export:test:       stack: 'Error: connect ECONNREFUSED 127.0.0.1:5432\n' +
@apex/export:test:         '    at createConnectionError (node:net:1678:14)\n' +
@apex/export:test:         '    at afterConnectMultiple (node:net:1708:16)',
@apex/export:test:       message: 'connect ECONNREFUSED 127.0.0.1:5432',
@apex/export:test:       errno: -4078,
@apex/export:test:       code: 'ECONNREFUSED',
@apex/export:test:       syscall: 'connect',
@apex/export:test:       address: '127.0.0.1',
@apex/export:test:       port: 5432,
@apex/export:test:       constructor: 'Function<Error>',
@apex/export:test:       name: 'Error',
@apex/export:test:       toString: 'Function<toString>'
@apex/export:test:     }
@apex/export:test:   ],
@apex/export:test:   code: 'ECONNREFUSED',
@apex/export:test:   stackStr: 'AggregateError: \n' +
@apex/export:test:     '    at c:\\Users\\Dell\\Desktop\\60sec.shop\\node_modules\\.bun\\pg-pool@3.11.0+32ccf17b773ffb11\\node_modules\\pg-pool\\index.js:45:11\n' +
@apex/export:test:     '    at processTicksAndRejections (node:internal/process/task_queues:103:5)\n' +
@apex/export:test:     '    at LiteExportStrategy.validate (C:\\Users\\Dell\\Desktop\\60sec.shop\\packages\\export\\src\\strategies\\lite-export.strategy.ts:17:20)\n' +
@apex/export:test:     '    at ExportService.createExportJob (C:\\Users\\Dell\\Desktop\\60sec.shop\\packages\\export\\src\\export.service.ts:54:21)\n' +
@apex/export:test:     '    at C:\\Users\\Dell\\Desktop\\60sec.shop\\packages\\export\\src\\export.service.test.ts:45:20\n' +
@apex/export:test:     '    at runTest (file:///c:/Users/Dell/Desktop/60sec.shop/node_modules/.bun/@vitest+runner@1.6.1/node_modules/@vitest/runner/dist/index.js:781:11)\n' +
@apex/export:test:     '    at runSuite (file:///c:/Users/Dell/Desktop/60sec.shop/node_modules/.bun/@vitest+runner@1.6.1/node_modules/@vitest/runner/dist/index.js:909:15)\n' +
@apex/export:test:     '    at runSuite (file:///c:/Users/Dell/Desktop/60sec.shop/node_modules/.bun/@vitest+runner@1.6.1/node_modules/@vitest/runner/dist/index.js:909:15)\n' +
@apex/export:test:     '    at runSuite (file:///c:/Users/Dell/Desktop/60sec.shop/node_modules/.bun/@vitest+runner@1.6.1/node_modules/@vitest/runner/dist/index.js:909:15)\n' +
@apex/export:test:     '    at runFiles (file:///c:/Users/Dell/Desktop/60sec.shop/node_modules/.bun/@vitest+runner@1.6.1/node_modules/@vitest/runner/dist/index.js:958:5)',
@apex/export:test:   nameStr: 'AggregateError',
@apex/export:test:   expected: 'undefined',
@apex/export:test:   actual: 'undefined',
@apex/export:test:   message: '',
@apex/export:test:   constructor: 'Function<AggregateError>',
@apex/export:test:   name: 'AggregateError',
@apex/export:test:   toString: 'Function<toString>',
@apex/export:test:   stacks: [
@apex/export:test:     {
@apex/export:test:       method: '',
@apex/export:test:       file: 'c:/Users/Dell/Desktop/60sec.shop/node_modules/.bun/pg-pool@3.11.0+32ccf17b773ffb11/node_modules/pg-pool/index.js',
@apex/export:test:       line: 45,
@apex/export:test:       column: 11
@apex/export:test:     },
@apex/export:test:     {
@apex/export:test:       method: 'LiteExportStrategy.validate',
@apex/export:test:       file: 'C:/Users/Dell/Desktop/60sec.shop/packages/export/src/strategies/lite-export.strategy.ts',
@apex/export:test:       line: 17,
@apex/export:test:       column: 20
@apex/export:test:     },
@apex/export:test:     {
@apex/export:test:       method: 'ExportService.createExportJob',
@apex/export:test:       file: 'C:/Users/Dell/Desktop/60sec.shop/packages/export/src/export.service.ts',
@apex/export:test:       line: 54,
@apex/export:test:       column: 21
@apex/export:test:     },
@apex/export:test:     {
@apex/export:test:       method: '',
@apex/export:test:       file: 'C:/Users/Dell/Desktop/60sec.shop/packages/export/src/export.service.test.ts',
@apex/export:test:       line: 45,
@apex/export:test:       column: 20
@apex/export:test:     }
@apex/export:test:   ]
@apex/export:test: }
@apex/export:test: [90m [2mâ¯[22m ../../node_modules/.bun/pg-pool@3.11.0+32ccf17b773ffb11/node_modules/pg-pool/index.js:[2m45:11[22m[39m
@apex/export:test: [36m [2mâ¯[22m LiteExportStrategy.validate src/strategies/lite-export.strategy.ts:[2m17:20[22m[39m
@apex/export:test:     [90m 15| [39m
@apex/export:test:     [90m 16| [39m  [35masync[39m [34mvalidate[39m(options[33m:[39m [33mExportOptions[39m)[33m:[39m [33mPromise[39m[33m<[39mboolean[33m>[39m {
@apex/export:test:     [90m 17| [39m    [35mconst[39m client [33m=[39m [35mawait[39m publicPool[33m.[39m[34mconnect[39m()[33m;[39m
@apex/export:test:     [90m   | [39m                   [31m^[39m
@apex/export:test:     [90m 18| [39m    [35mtry[39m {
@apex/export:test:     [90m 19| [39m      [35mconst[39m result [33m=[39m [35mawait[39m client[33m.[39m[34mquery[39m(
@apex/export:test: [90m [2mâ¯[22m ExportService.createExportJob src/export.service.ts:[2m54:21[22m[39m
@apex/export:test: [90m [2mâ¯[22m src/export.service.test.ts:[2m45:20[22m[39m
@apex/export:test: 
@apex/export:test: [31m[2mâŽ¯âŽ¯âŽ¯âŽ¯âŽ¯âŽ¯âŽ¯âŽ¯âŽ¯âŽ¯âŽ¯âŽ¯âŽ¯âŽ¯âŽ¯âŽ¯âŽ¯âŽ¯âŽ¯âŽ¯âŽ¯âŽ¯âŽ¯âŽ¯âŽ¯âŽ¯âŽ¯âŽ¯âŽ¯âŽ¯[22m[39m
@apex/export:test: [31m[1mSerialized Error:[22m[39m [90m{ errors: [ { stack: 'Error: connect ECONNREFUSED ::1:5432\n    at createConnectionError (node:net:1678:14)\n    at afterConnectMultiple (node:net:1708:16)', message: 'connect ECONNREFUSED ::1:5432', errno: -4078, code: 'ECONNREFUSED', syscall: 'connect', address: '::1', port: 5432, constructor: 'Function<Error>', name: 'Error', toString: 'Function<toString>' }, { stack: 'Error: connect ECONNREFUSED 127.0.0.1:5432\n    at createConnectionError (node:net:1678:14)\n    at afterConnectMultiple (node:net:1708:16)', message: 'connect ECONNREFUSED 127.0.0.1:5432', errno: -4078, code: 'ECONNREFUSED', syscall: 'connect', address: '127.0.0.1', port: 5432, constructor: 'Function<Error>', name: 'Error', toString: 'Function<toString>' } ], code: 'ECONNREFUSED' }[39m
@apex/export:test: [31m[2mâŽ¯âŽ¯âŽ¯âŽ¯âŽ¯âŽ¯âŽ¯âŽ¯âŽ¯âŽ¯âŽ¯âŽ¯âŽ¯âŽ¯âŽ¯âŽ¯âŽ¯âŽ¯âŽ¯âŽ¯âŽ¯âŽ¯âŽ¯[5/23]âŽ¯[22m[39m
@apex/export:test: 
@apex/export:test: [31m[1m[7m FAIL [27m[22m[39m src/export.service.test.ts[2m > [22mExportService[2m > [22mS14.2: Duplicate Detection[2m > [22mshould reject duplicate requests within 1 minute
@apex/export:test: {
@apex/export:test:   stack: 'AggregateError: \n' +
@apex/export:test:     '    at c:\\Users\\Dell\\Desktop\\60sec.shop\\node_modules\\.bun\\pg-pool@3.11.0+32ccf17b773ffb11\\node_modules\\pg-pool\\index.js:45:11\n' +
@apex/export:test:     '    at processTicksAndRejections (node:internal/process/task_queues:103:5)\n' +
@apex/export:test:     '    at LiteExportStrategy.validate (C:\\Users\\Dell\\Desktop\\60sec.shop\\packages\\export\\src\\strategies\\lite-export.strategy.ts:17:20)\n' +
@apex/export:test:     '    at ExportService.createExportJob (C:\\Users\\Dell\\Desktop\\60sec.shop\\packages\\export\\src\\export.service.ts:54:21)\n' +
@apex/export:test:     '    at C:\\Users\\Dell\\Desktop\\60sec.shop\\packages\\export\\src\\export.service.test.ts:70:7\n' +
@apex/export:test:     '    at runTest (file:///c:/Users/Dell/Desktop/60sec.shop/node_modules/.bun/@vitest+runner@1.6.1/node_modules/@vitest/runner/dist/index.js:781:11)\n' +
@apex/export:test:     '    at runSuite (file:///c:/Users/Dell/Desktop/60sec.shop/node_modules/.bun/@vitest+runner@1.6.1/node_modules/@vitest/runner/dist/index.js:909:15)\n' +
@apex/export:test:     '    at runSuite (file:///c:/Users/Dell/Desktop/60sec.shop/node_modules/.bun/@vitest+runner@1.6.1/node_modules/@vitest/runner/dist/index.js:909:15)\n' +
@apex/export:test:     '    at runSuite (file:///c:/Users/Dell/Desktop/60sec.shop/node_modules/.bun/@vitest+runner@1.6.1/node_modules/@vitest/runner/dist/index.js:909:15)\n' +
@apex/export:test:     '    at runFiles (file:///c:/Users/Dell/Desktop/60sec.shop/node_modules/.bun/@vitest+runner@1.6.1/node_modules/@vitest/runner/dist/index.js:958:5)',
@apex/export:test:   errors: [
@apex/export:test:     {
@apex/export:test:       stack: 'Error: connect ECONNREFUSED ::1:5432\n' +
@apex/export:test:         '    at createConnectionError (node:net:1678:14)\n' +
@apex/export:test:         '    at afterConnectMultiple (node:net:1708:16)',
@apex/export:test:       message: 'connect ECONNREFUSED ::1:5432',
@apex/export:test:       errno: -4078,
@apex/export:test:       code: 'ECONNREFUSED',
@apex/export:test:       syscall: 'connect',
@apex/export:test:       address: '::1',
@apex/export:test:       port: 5432,
@apex/export:test:       constructor: 'Function<Error>',
@apex/export:test:       name: 'Error',
@apex/export:test:       toString: 'Function<toString>'
@apex/export:test:     },
@apex/export:test:     {
@apex/export:test:       stack: 'Error: connect ECONNREFUSED 127.0.0.1:5432\n' +
@apex/export:test:         '    at createConnectionError (node:net:1678:14)\n' +
@apex/export:test:         '    at afterConnectMultiple (node:net:1708:16)',
@apex/export:test:       message: 'connect ECONNREFUSED 127.0.0.1:5432',
@apex/export:test:       errno: -4078,
@apex/export:test:       code: 'ECONNREFUSED',
@apex/export:test:       syscall: 'connect',
@apex/export:test:       address: '127.0.0.1',
@apex/export:test:       port: 5432,
@apex/export:test:       constructor: 'Function<Error>',
@apex/export:test:       name: 'Error',
@apex/export:test:       toString: 'Function<toString>'
@apex/export:test:     }
@apex/export:test:   ],
@apex/export:test:   code: 'ECONNREFUSED',
@apex/export:test:   stackStr: 'AggregateError: \n' +
@apex/export:test:     '    at c:\\Users\\Dell\\Desktop\\60sec.shop\\node_modules\\.bun\\pg-pool@3.11.0+32ccf17b773ffb11\\node_modules\\pg-pool\\index.js:45:11\n' +
@apex/export:test:     '    at processTicksAndRejections (node:internal/process/task_queues:103:5)\n' +
@apex/export:test:     '    at LiteExportStrategy.validate (C:\\Users\\Dell\\Desktop\\60sec.shop\\packages\\export\\src\\strategies\\lite-export.strategy.ts:17:20)\n' +
@apex/export:test:     '    at ExportService.createExportJob (C:\\Users\\Dell\\Desktop\\60sec.shop\\packages\\export\\src\\export.service.ts:54:21)\n' +
@apex/export:test:     '    at C:\\Users\\Dell\\Desktop\\60sec.shop\\packages\\export\\src\\export.service.test.ts:70:7\n' +
@apex/export:test:     '    at runTest (file:///c:/Users/Dell/Desktop/60sec.shop/node_modules/.bun/@vitest+runner@1.6.1/node_modules/@vitest/runner/dist/index.js:781:11)\n' +
@apex/export:test:     '    at runSuite (file:///c:/Users/Dell/Desktop/60sec.shop/node_modules/.bun/@vitest+runner@1.6.1/node_modules/@vitest/runner/dist/index.js:909:15)\n' +
@apex/export:test:     '    at runSuite (file:///c:/Users/Dell/Desktop/60sec.shop/node_modules/.bun/@vitest+runner@1.6.1/node_modules/@vitest/runner/dist/index.js:909:15)\n' +
@apex/export:test:     '    at runSuite (file:///c:/Users/Dell/Desktop/60sec.shop/node_modules/.bun/@vitest+runner@1.6.1/node_modules/@vitest/runner/dist/index.js:909:15)\n' +
@apex/export:test:     '    at runFiles (file:///c:/Users/Dell/Desktop/60sec.shop/node_modules/.bun/@vitest+runner@1.6.1/node_modules/@vitest/runner/dist/index.js:958:5)',
@apex/export:test:   nameStr: 'AggregateError',
@apex/export:test:   expected: 'undefined',
@apex/export:test:   actual: 'undefined',
@apex/export:test:   message: '',
@apex/export:test:   constructor: 'Function<AggregateError>',
@apex/export:test:   name: 'AggregateError',
@apex/export:test:   toString: 'Function<toString>',
@apex/export:test:   stacks: [
@apex/export:test:     {
@apex/export:test:       method: '',
@apex/export:test:       file: 'c:/Users/Dell/Desktop/60sec.shop/node_modules/.bun/pg-pool@3.11.0+32ccf17b773ffb11/node_modules/pg-pool/index.js',
@apex/export:test:       line: 45,
@apex/export:test:       column: 11
@apex/export:test:     },
@apex/export:test:     {
@apex/export:test:       method: 'LiteExportStrategy.validate',
@apex/export:test:       file: 'C:/Users/Dell/Desktop/60sec.shop/packages/export/src/strategies/lite-export.strategy.ts',
@apex/export:test:       line: 17,
@apex/export:test:       column: 20
@apex/export:test:     },
@apex/export:test:     {
@apex/export:test:       method: 'ExportService.createExportJob',
@apex/export:test:       file: 'C:/Users/Dell/Desktop/60sec.shop/packages/export/src/export.service.ts',
@apex/export:test:       line: 54,
@apex/export:test:       column: 21
@apex/export:test:     },
@apex/export:test:     {
@apex/export:test:       method: '',
@apex/export:test:       file: 'C:/Users/Dell/Desktop/60sec.shop/packages/export/src/export.service.test.ts',
@apex/export:test:       line: 70,
@apex/export:test:       column: 7
@apex/export:test:     }
@apex/export:test:   ]
@apex/export:test: }
@apex/export:test: [90m [2mâ¯[22m ../../node_modules/.bun/pg-pool@3.11.0+32ccf17b773ffb11/node_modules/pg-pool/index.js:[2m45:11[22m[39m
@apex/export:test: [36m [2mâ¯[22m LiteExportStrategy.validate src/strategies/lite-export.strategy.ts:[2m17:20[22m[39m
@apex/export:test:     [90m 15| [39m
@apex/export:test:     [90m 16| [39m  [35masync[39m [34mvalidate[39m(options[33m:[39m [33mExportOptions[39m)[33m:[39m [33mPromise[39m[33m<[39mboolean[33m>[39m {
@apex/export:test:     [90m 17| [39m    [35mconst[39m client [33m=[39m [35mawait[39m publicPool[33m.[39m[34mconnect[39m()[33m;[39m
@apex/export:test:     [90m   | [39m                   [31m^[39m
@apex/export:test:     [90m 18| [39m    [35mtry[39m {
@apex/export:test:     [90m 19| [39m      [35mconst[39m result [33m=[39m [35mawait[39m client[33m.[39m[34mquery[39m(
@apex/export:test: [90m [2mâ¯[22m ExportService.createExportJob src/export.service.ts:[2m54:21[22m[39m
@apex/export:test: [90m [2mâ¯[22m src/export.service.test.ts:[2m70:7[22m[39m
@apex/export:test: 
@apex/export:test: [31m[2mâŽ¯âŽ¯âŽ¯âŽ¯âŽ¯âŽ¯âŽ¯âŽ¯âŽ¯âŽ¯âŽ¯âŽ¯âŽ¯âŽ¯âŽ¯âŽ¯âŽ¯âŽ¯âŽ¯âŽ¯âŽ¯âŽ¯âŽ¯âŽ¯âŽ¯âŽ¯âŽ¯âŽ¯âŽ¯âŽ¯[22m[39m
@apex/export:test: [31m[1mSerialized Error:[22m[39m [90m{ errors: [ { stack: 'Error: connect ECONNREFUSED ::1:5432\n    at createConnectionError (node:net:1678:14)\n    at afterConnectMultiple (node:net:1708:16)', message: 'connect ECONNREFUSED ::1:5432', errno: -4078, code: 'ECONNREFUSED', syscall: 'connect', address: '::1', port: 5432, constructor: 'Function<Error>', name: 'Error', toString: 'Function<toString>' }, { stack: 'Error: connect ECONNREFUSED 127.0.0.1:5432\n    at createConnectionError (node:net:1678:14)\n    at afterConnectMultiple (node:net:1708:16)', message: 'connect ECONNREFUSED 127.0.0.1:5432', errno: -4078, code: 'ECONNREFUSED', syscall: 'connect', address: '127.0.0.1', port: 5432, constructor: 'Function<Error>', name: 'Error', toString: 'Function<toString>' } ], code: 'ECONNREFUSED' }[39m
@apex/export:test: [31m[2mâŽ¯âŽ¯âŽ¯âŽ¯âŽ¯âŽ¯âŽ¯âŽ¯âŽ¯âŽ¯âŽ¯âŽ¯âŽ¯âŽ¯âŽ¯âŽ¯âŽ¯âŽ¯âŽ¯âŽ¯âŽ¯âŽ¯âŽ¯[6/23]âŽ¯[22m[39m
@apex/export:test: 
@apex/export:test: [31m[1m[7m FAIL [27m[22m[39m src/export.service.test.ts[2m > [22mExportService[2m > [22mS14.3: Export Validation[2m > [22mshould validate lite profile options
@apex/export:test: {
@apex/export:test:   stack: 'AggregateError: \n' +
@apex/export:test:     '    at c:\\Users\\Dell\\Desktop\\60sec.shop\\node_modules\\.bun\\pg-pool@3.11.0+32ccf17b773ffb11\\node_modules\\pg-pool\\index.js:45:11\n' +
@apex/export:test:     '    at processTicksAndRejections (node:internal/process/task_queues:103:5)\n' +
@apex/export:test:     '    at LiteExportStrategy.validate (C:\\Users\\Dell\\Desktop\\60sec.shop\\packages\\export\\src\\strategies\\lite-export.strategy.ts:17:20)\n' +
@apex/export:test:     '    at ExportService.createExportJob (C:\\Users\\Dell\\Desktop\\60sec.shop\\packages\\export\\src\\export.service.ts:54:21)\n' +
@apex/export:test:     '    at C:\\Users\\Dell\\Desktop\\60sec.shop\\packages\\export\\src\\export.service.test.ts:89:22\n' +
@apex/export:test:     '    at runTest (file:///c:/Users/Dell/Desktop/60sec.shop/node_modules/.bun/@vitest+runner@1.6.1/node_modules/@vitest/runner/dist/index.js:781:11)\n' +
@apex/export:test:     '    at runSuite (file:///c:/Users/Dell/Desktop/60sec.shop/node_modules/.bun/@vitest+runner@1.6.1/node_modules/@vitest/runner/dist/index.js:909:15)\n' +
@apex/export:test:     '    at runSuite (file:///c:/Users/Dell/Desktop/60sec.shop/node_modules/.bun/@vitest+runner@1.6.1/node_modules/@vitest/runner/dist/index.js:909:15)\n' +
@apex/export:test:     '    at runSuite (file:///c:/Users/Dell/Desktop/60sec.shop/node_modules/.bun/@vitest+runner@1.6.1/node_modules/@vitest/runner/dist/index.js:909:15)\n' +
@apex/export:test:     '    at runFiles (file:///c:/Users/Dell/Desktop/60sec.shop/node_modules/.bun/@vitest+runner@1.6.1/node_modules/@vitest/runner/dist/index.js:958:5)',
@apex/export:test:   errors: [
@apex/export:test:     {
@apex/export:test:       stack: 'Error: connect ECONNREFUSED ::1:5432\n' +
@apex/export:test:         '    at createConnectionError (node:net:1678:14)\n' +
@apex/export:test:         '    at afterConnectMultiple (node:net:1708:16)',
@apex/export:test:       message: 'connect ECONNREFUSED ::1:5432',
@apex/export:test:       errno: -4078,
@apex/export:test:       code: 'ECONNREFUSED',
@apex/export:test:       syscall: 'connect',
@apex/export:test:       address: '::1',
@apex/export:test:       port: 5432,
@apex/export:test:       constructor: 'Function<Error>',
@apex/export:test:       name: 'Error',
@apex/export:test:       toString: 'Function<toString>'
@apex/export:test:     },
@apex/export:test:     {
@apex/export:test:       stack: 'Error: connect ECONNREFUSED 127.0.0.1:5432\n' +
@apex/export:test:         '    at createConnectionError (node:net:1678:14)\n' +
@apex/export:test:         '    at afterConnectMultiple (node:net:1708:16)',
@apex/export:test:       message: 'connect ECONNREFUSED 127.0.0.1:5432',
@apex/export:test:       errno: -4078,
@apex/export:test:       code: 'ECONNREFUSED',
@apex/export:test:       syscall: 'connect',
@apex/export:test:       address: '127.0.0.1',
@apex/export:test:       port: 5432,
@apex/export:test:       constructor: 'Function<Error>',
@apex/export:test:       name: 'Error',
@apex/export:test:       toString: 'Function<toString>'
@apex/export:test:     }
@apex/export:test:   ],
@apex/export:test:   code: 'ECONNREFUSED',
@apex/export:test:   stackStr: 'AggregateError: \n' +
@apex/export:test:     '    at c:\\Users\\Dell\\Desktop\\60sec.shop\\node_modules\\.bun\\pg-pool@3.11.0+32ccf17b773ffb11\\node_modules\\pg-pool\\index.js:45:11\n' +
@apex/export:test:     '    at processTicksAndRejections (node:internal/process/task_queues:103:5)\n' +
@apex/export:test:     '    at LiteExportStrategy.validate (C:\\Users\\Dell\\Desktop\\60sec.shop\\packages\\export\\src\\strategies\\lite-export.strategy.ts:17:20)\n' +
@apex/export:test:     '    at ExportService.createExportJob (C:\\Users\\Dell\\Desktop\\60sec.shop\\packages\\export\\src\\export.service.ts:54:21)\n' +
@apex/export:test:     '    at C:\\Users\\Dell\\Desktop\\60sec.shop\\packages\\export\\src\\export.service.test.ts:89:22\n' +
@apex/export:test:     '    at runTest (file:///c:/Users/Dell/Desktop/60sec.shop/node_modules/.bun/@vitest+runner@1.6.1/node_modules/@vitest/runner/dist/index.js:781:11)\n' +
@apex/export:test:     '    at runSuite (file:///c:/Users/Dell/Desktop/60sec.shop/node_modules/.bun/@vitest+runner@1.6.1/node_modules/@vitest/runner/dist/index.js:909:15)\n' +
@apex/export:test:     '    at runSuite (file:///c:/Users/Dell/Desktop/60sec.shop/node_modules/.bun/@vitest+runner@1.6.1/node_modules/@vitest/runner/dist/index.js:909:15)\n' +
@apex/export:test:     '    at runSuite (file:///c:/Users/Dell/Desktop/60sec.shop/node_modules/.bun/@vitest+runner@1.6.1/node_modules/@vitest/runner/dist/index.js:909:15)\n' +
@apex/export:test:     '    at runFiles (file:///c:/Users/Dell/Desktop/60sec.shop/node_modules/.bun/@vitest+runner@1.6.1/node_modules/@vitest/runner/dist/index.js:958:5)',
@apex/export:test:   nameStr: 'AggregateError',
@apex/export:test:   expected: 'undefined',
@apex/export:test:   actual: 'undefined',
@apex/export:test:   message: '',
@apex/export:test:   constructor: 'Function<AggregateError>',
@apex/export:test:   name: 'AggregateError',
@apex/export:test:   toString: 'Function<toString>',
@apex/export:test:   stacks: [
@apex/export:test:     {
@apex/export:test:       method: '',
@apex/export:test:       file: 'c:/Users/Dell/Desktop/60sec.shop/node_modules/.bun/pg-pool@3.11.0+32ccf17b773ffb11/node_modules/pg-pool/index.js',
@apex/export:test:       line: 45,
@apex/export:test:       column: 11
@apex/export:test:     },
@apex/export:test:     {
@apex/export:test:       method: 'LiteExportStrategy.validate',
@apex/export:test:       file: 'C:/Users/Dell/Desktop/60sec.shop/packages/export/src/strategies/lite-export.strategy.ts',
@apex/export:test:       line: 17,
@apex/export:test:       column: 20
@apex/export:test:     },
@apex/export:test:     {
@apex/export:test:       method: 'ExportService.createExportJob',
@apex/export:test:       file: 'C:/Users/Dell/Desktop/60sec.shop/packages/export/src/export.service.ts',
@apex/export:test:       line: 54,
@apex/export:test:       column: 21
@apex/export:test:     },
@apex/export:test:     {
@apex/export:test:       method: '',
@apex/export:test:       file: 'C:/Users/Dell/Desktop/60sec.shop/packages/export/src/export.service.test.ts',
@apex/export:test:       line: 89,
@apex/export:test:       column: 22
@apex/export:test:     }
@apex/export:test:   ]
@apex/export:test: }
@apex/export:test: [90m [2mâ¯[22m ../../node_modules/.bun/pg-pool@3.11.0+32ccf17b773ffb11/node_modules/pg-pool/index.js:[2m45:11[22m[39m
@apex/export:test: [36m [2mâ¯[22m LiteExportStrategy.validate src/strategies/lite-export.strategy.ts:[2m17:20[22m[39m
@apex/export:test:     [90m 15| [39m
@apex/export:test:     [90m 16| [39m  [35masync[39m [34mvalidate[39m(options[33m:[39m [33mExportOptions[39m)[33m:[39m [33mPromise[39m[33m<[39mboolean[33m>[39m {
@apex/export:test:     [90m 17| [39m    [35mconst[39m client [33m=[39m [35mawait[39m publicPool[33m.[39m[34mconnect[39m()[33m;[39m
@apex/export:test:     [90m   | [39m                   [31m^[39m
@apex/export:test:     [90m 18| [39m    [35mtry[39m {
@apex/export:test:     [90m 19| [39m      [35mconst[39m result [33m=[39m [35mawait[39m client[33m.[39m[34mquery[39m(
@apex/export:test: [90m [2mâ¯[22m ExportService.createExportJob src/export.service.ts:[2m54:21[22m[39m
@apex/export:test: [90m [2mâ¯[22m src/export.service.test.ts:[2m89:22[22m[39m
@apex/export:test: 
@apex/export:test: [31m[2mâŽ¯âŽ¯âŽ¯âŽ¯âŽ¯âŽ¯âŽ¯âŽ¯âŽ¯âŽ¯âŽ¯âŽ¯âŽ¯âŽ¯âŽ¯âŽ¯âŽ¯âŽ¯âŽ¯âŽ¯âŽ¯âŽ¯âŽ¯âŽ¯âŽ¯âŽ¯âŽ¯âŽ¯âŽ¯âŽ¯[22m[39m
@apex/export:test: [31m[1mSerialized Error:[22m[39m [90m{ errors: [ { stack: 'Error: connect ECONNREFUSED ::1:5432\n    at createConnectionError (node:net:1678:14)\n    at afterConnectMultiple (node:net:1708:16)', message: 'connect ECONNREFUSED ::1:5432', errno: -4078, code: 'ECONNREFUSED', syscall: 'connect', address: '::1', port: 5432, constructor: 'Function<Error>', name: 'Error', toString: 'Function<toString>' }, { stack: 'Error: connect ECONNREFUSED 127.0.0.1:5432\n    at createConnectionError (node:net:1678:14)\n    at afterConnectMultiple (node:net:1708:16)', message: 'connect ECONNREFUSED 127.0.0.1:5432', errno: -4078, code: 'ECONNREFUSED', syscall: 'connect', address: '127.0.0.1', port: 5432, constructor: 'Function<Error>', name: 'Error', toString: 'Function<toString>' } ], code: 'ECONNREFUSED' }[39m
@apex/export:test: [31m[2mâŽ¯âŽ¯âŽ¯âŽ¯âŽ¯âŽ¯âŽ¯âŽ¯âŽ¯âŽ¯âŽ¯âŽ¯âŽ¯âŽ¯âŽ¯âŽ¯âŽ¯âŽ¯âŽ¯âŽ¯âŽ¯âŽ¯âŽ¯[7/23]âŽ¯[22m[39m
@apex/export:test: 
@apex/export:test: [31m[1m[7m FAIL [27m[22m[39m src/export.service.test.ts[2m > [22mExportService[2m > [22mS14.3: Export Validation[2m > [22mshould accept native profile for valid tenant
@apex/export:test: [31m[1mError[22m: Invalid export options for profile: native[39m
@apex/export:test: [36m [2mâ¯[22m ExportService.createExportJob src/export.service.ts:[2m56:13[22m[39m
@apex/export:test:     [90m 54| [39m    [35mconst[39m isValid [33m=[39m [35mawait[39m [35mthis[39m[33m.[39mstrategyFactory[33m.[39m[34mvalidateOptions[39m(optionsâ€¦
@apex/export:test:     [90m 55| [39m    [35mif[39m ([33m![39misValid) {
@apex/export:test:     [90m 56| [39m      [35mthrow[39m [35mnew[39m [33mError[39m([32m`Invalid export options for profile: [39m[36m${[39moptions[33m.[39mpâ€¦
@apex/export:test:     [90m   | [39m            [31m^[39m
@apex/export:test:     [90m 57| [39m    }
@apex/export:test:     [90m 58| [39m
@apex/export:test: [90m [2mâ¯[22m src/export.service.test.ts:[2m112:22[22m[39m
@apex/export:test: 
@apex/export:test: [31m[2mâŽ¯âŽ¯âŽ¯âŽ¯âŽ¯âŽ¯âŽ¯âŽ¯âŽ¯âŽ¯âŽ¯âŽ¯âŽ¯âŽ¯âŽ¯âŽ¯âŽ¯âŽ¯âŽ¯âŽ¯âŽ¯âŽ¯âŽ¯[8/23]âŽ¯[22m[39m
@apex/export:test: 
@apex/export:test: [31m[1m[7m FAIL [27m[22m[39m src/export.service.test.ts[2m > [22mExportService[2m > [22mS14.4: Job Management[2m > [22mshould track job status correctly
@apex/export:test: {
@apex/export:test:   stack: 'AggregateError: \n' +
@apex/export:test:     '    at c:\\Users\\Dell\\Desktop\\60sec.shop\\node_modules\\.bun\\pg-pool@3.11.0+32ccf17b773ffb11\\node_modules\\pg-pool\\index.js:45:11\n' +
@apex/export:test:     '    at processTicksAndRejections (node:internal/process/task_queues:103:5)\n' +
@apex/export:test:     '    at LiteExportStrategy.validate (C:\\Users\\Dell\\Desktop\\60sec.shop\\packages\\export\\src\\strategies\\lite-export.strategy.ts:17:20)\n' +
@apex/export:test:     '    at ExportService.createExportJob (C:\\Users\\Dell\\Desktop\\60sec.shop\\packages\\export\\src\\export.service.ts:54:21)\n' +
@apex/export:test:     '    at C:\\Users\\Dell\\Desktop\\60sec.shop\\packages\\export\\src\\export.service.test.ts:124:19\n' +
@apex/export:test:     '    at runTest (file:///c:/Users/Dell/Desktop/60sec.shop/node_modules/.bun/@vitest+runner@1.6.1/node_modules/@vitest/runner/dist/index.js:781:11)\n' +
@apex/export:test:     '    at runSuite (file:///c:/Users/Dell/Desktop/60sec.shop/node_modules/.bun/@vitest+runner@1.6.1/node_modules/@vitest/runner/dist/index.js:909:15)\n' +
@apex/export:test:     '    at runSuite (file:///c:/Users/Dell/Desktop/60sec.shop/node_modules/.bun/@vitest+runner@1.6.1/node_modules/@vitest/runner/dist/index.js:909:15)\n' +
@apex/export:test:     '    at runSuite (file:///c:/Users/Dell/Desktop/60sec.shop/node_modules/.bun/@vitest+runner@1.6.1/node_modules/@vitest/runner/dist/index.js:909:15)\n' +
@apex/export:test:     '    at runFiles (file:///c:/Users/Dell/Desktop/60sec.shop/node_modules/.bun/@vitest+runner@1.6.1/node_modules/@vitest/runner/dist/index.js:958:5)',
@apex/export:test:   errors: [
@apex/export:test:     {
@apex/export:test:       stack: 'Error: connect ECONNREFUSED ::1:5432\n' +
@apex/export:test:         '    at createConnectionError (node:net:1678:14)\n' +
@apex/export:test:         '    at afterConnectMultiple (node:net:1708:16)',
@apex/export:test:       message: 'connect ECONNREFUSED ::1:5432',
@apex/export:test:       errno: -4078,
@apex/export:test:       code: 'ECONNREFUSED',
@apex/export:test:       syscall: 'connect',
@apex/export:test:       address: '::1',
@apex/export:test:       port: 5432,
@apex/export:test:       constructor: 'Function<Error>',
@apex/export:test:       name: 'Error',
@apex/export:test:       toString: 'Function<toString>'
@apex/export:test:     },
@apex/export:test:     {
@apex/export:test:       stack: 'Error: connect ECONNREFUSED 127.0.0.1:5432\n' +
@apex/export:test:         '    at createConnectionError (node:net:1678:14)\n' +
@apex/export:test:         '    at afterConnectMultiple (node:net:1708:16)',
@apex/export:test:       message: 'connect ECONNREFUSED 127.0.0.1:5432',
@apex/export:test:       errno: -4078,
@apex/export:test:       code: 'ECONNREFUSED',
@apex/export:test:       syscall: 'connect',
@apex/export:test:       address: '127.0.0.1',
@apex/export:test:       port: 5432,
@apex/export:test:       constructor: 'Function<Error>',
@apex/export:test:       name: 'Error',
@apex/export:test:       toString: 'Function<toString>'
@apex/export:test:     }
@apex/export:test:   ],
@apex/export:test:   code: 'ECONNREFUSED',
@apex/export:test:   stackStr: 'AggregateError: \n' +
@apex/export:test:     '    at c:\\Users\\Dell\\Desktop\\60sec.shop\\node_modules\\.bun\\pg-pool@3.11.0+32ccf17b773ffb11\\node_modules\\pg-pool\\index.js:45:11\n' +
@apex/export:test:     '    at processTicksAndRejections (node:internal/process/task_queues:103:5)\n' +
@apex/export:test:     '    at LiteExportStrategy.validate (C:\\Users\\Dell\\Desktop\\60sec.shop\\packages\\export\\src\\strategies\\lite-export.strategy.ts:17:20)\n' +
@apex/export:test:     '    at ExportService.createExportJob (C:\\Users\\Dell\\Desktop\\60sec.shop\\packages\\export\\src\\export.service.ts:54:21)\n' +
@apex/export:test:     '    at C:\\Users\\Dell\\Desktop\\60sec.shop\\packages\\export\\src\\export.service.test.ts:124:19\n' +
@apex/export:test:     '    at runTest (file:///c:/Users/Dell/Desktop/60sec.shop/node_modules/.bun/@vitest+runner@1.6.1/node_modules/@vitest/runner/dist/index.js:781:11)\n' +
@apex/export:test:     '    at runSuite (file:///c:/Users/Dell/Desktop/60sec.shop/node_modules/.bun/@vitest+runner@1.6.1/node_modules/@vitest/runner/dist/index.js:909:15)\n' +
@apex/export:test:     '    at runSuite (file:///c:/Users/Dell/Desktop/60sec.shop/node_modules/.bun/@vitest+runner@1.6.1/node_modules/@vitest/runner/dist/index.js:909:15)\n' +
@apex/export:test:     '    at runSuite (file:///c:/Users/Dell/Desktop/60sec.shop/node_modules/.bun/@vitest+runner@1.6.1/node_modules/@vitest/runner/dist/index.js:909:15)\n' +
@apex/export:test:     '    at runFiles (file:///c:/Users/Dell/Desktop/60sec.shop/node_modules/.bun/@vitest+runner@1.6.1/node_modules/@vitest/runner/dist/index.js:958:5)',
@apex/export:test:   nameStr: 'AggregateError',
@apex/export:test:   expected: 'undefined',
@apex/export:test:   actual: 'undefined',
@apex/export:test:   message: '',
@apex/export:test:   constructor: 'Function<AggregateError>',
@apex/export:test:   name: 'AggregateError',
@apex/export:test:   toString: 'Function<toString>',
@apex/export:test:   stacks: [
@apex/export:test:     {
@apex/export:test:       method: '',
@apex/export:test:       file: 'c:/Users/Dell/Desktop/60sec.shop/node_modules/.bun/pg-pool@3.11.0+32ccf17b773ffb11/node_modules/pg-pool/index.js',
@apex/export:test:       line: 45,
@apex/export:test:       column: 11
@apex/export:test:     },
@apex/export:test:     {
@apex/export:test:       method: 'LiteExportStrategy.validate',
@apex/export:test:       file: 'C:/Users/Dell/Desktop/60sec.shop/packages/export/src/strategies/lite-export.strategy.ts',
@apex/export:test:       line: 17,
@apex/export:test:       column: 20
@apex/export:test:     },
@apex/export:test:     {
@apex/export:test:       method: 'ExportService.createExportJob',
@apex/export:test:       file: 'C:/Users/Dell/Desktop/60sec.shop/packages/export/src/export.service.ts',
@apex/export:test:       line: 54,
@apex/export:test:       column: 21
@apex/export:test:     },
@apex/export:test:     {
@apex/export:test:       method: '',
@apex/export:test:       file: 'C:/Users/Dell/Desktop/60sec.shop/packages/export/src/export.service.test.ts',
@apex/export:test:       line: 124,
@apex/export:test:       column: 19
@apex/export:test:     }
@apex/export:test:   ]
@apex/export:test: }
@apex/export:test: [90m [2mâ¯[22m ../../node_modules/.bun/pg-pool@3.11.0+32ccf17b773ffb11/node_modules/pg-pool/index.js:[2m45:11[22m[39m
@apex/export:test: [36m [2mâ¯[22m LiteExportStrategy.validate src/strategies/lite-export.strategy.ts:[2m17:20[22m[39m
@apex/export:test:     [90m 15| [39m
@apex/export:test:     [90m 16| [39m  [35masync[39m [34mvalidate[39m(options[33m:[39m [33mExportOptions[39m)[33m:[39m [33mPromise[39m[33m<[39mboolean[33m>[39m {
@apex/export:test:     [90m 17| [39m    [35mconst[39m client [33m=[39m [35mawait[39m publicPool[33m.[39m[34mconnect[39m()[33m;[39m
@apex/export:test:     [90m   | [39m                   [31m^[39m
@apex/export:test:     [90m 18| [39m    [35mtry[39m {
@apex/export:test:     [90m 19| [39m      [35mconst[39m result [33m=[39m [35mawait[39m client[33m.[39m[34mquery[39m(
@apex/export:test: [90m [2mâ¯[22m ExportService.createExportJob src/export.service.ts:[2m54:21[22m[39m
@apex/export:test: [90m [2mâ¯[22m src/export.service.test.ts:[2m124:19[22m[39m
@apex/export:test: 
@apex/export:test: [31m[2mâŽ¯âŽ¯âŽ¯âŽ¯âŽ¯âŽ¯âŽ¯âŽ¯âŽ¯âŽ¯âŽ¯âŽ¯âŽ¯âŽ¯âŽ¯âŽ¯âŽ¯âŽ¯âŽ¯âŽ¯âŽ¯âŽ¯âŽ¯âŽ¯âŽ¯âŽ¯âŽ¯âŽ¯âŽ¯âŽ¯[22m[39m
@apex/export:test: [31m[1mSerialized Error:[22m[39m [90m{ errors: [ { stack: 'Error: connect ECONNREFUSED ::1:5432\n    at createConnectionError (node:net:1678:14)\n    at afterConnectMultiple (node:net:1708:16)', message: 'connect ECONNREFUSED ::1:5432', errno: -4078, code: 'ECONNREFUSED', syscall: 'connect', address: '::1', port: 5432, constructor: 'Function<Error>', name: 'Error', toString: 'Function<toString>' }, { stack: 'Error: connect ECONNREFUSED 127.0.0.1:5432\n    at createConnectionError (node:net:1678:14)\n    at afterConnectMultiple (node:net:1708:16)', message: 'connect ECONNREFUSED 127.0.0.1:5432', errno: -4078, code: 'ECONNREFUSED', syscall: 'connect', address: '127.0.0.1', port: 5432, constructor: 'Function<Error>', name: 'Error', toString: 'Function<toString>' } ], code: 'ECONNREFUSED' }[39m
@apex/export:test: [31m[2mâŽ¯âŽ¯âŽ¯âŽ¯âŽ¯âŽ¯âŽ¯âŽ¯âŽ¯âŽ¯âŽ¯âŽ¯âŽ¯âŽ¯âŽ¯âŽ¯âŽ¯âŽ¯âŽ¯âŽ¯âŽ¯âŽ¯âŽ¯[9/23]âŽ¯[22m[39m
@apex/export:test: 
@apex/export:test: [31m[1m[7m FAIL [27m[22m[39m src/export.service.test.ts[2m > [22mExportService[2m > [22mS14.4: Job Management[2m > [22mshould allow cancelling pending jobs
@apex/export:test: {
@apex/export:test:   stack: 'AggregateError: \n' +
@apex/export:test:     '    at c:\\Users\\Dell\\Desktop\\60sec.shop\\node_modules\\.bun\\pg-pool@3.11.0+32ccf17b773ffb11\\node_modules\\pg-pool\\index.js:45:11\n' +
@apex/export:test:     '    at processTicksAndRejections (node:internal/process/task_queues:103:5)\n' +
@apex/export:test:     '    at LiteExportStrategy.validate (C:\\Users\\Dell\\Desktop\\60sec.shop\\packages\\export\\src\\strategies\\lite-export.strategy.ts:17:20)\n' +
@apex/export:test:     '    at ExportService.createExportJob (C:\\Users\\Dell\\Desktop\\60sec.shop\\packages\\export\\src\\export.service.ts:54:21)\n' +
@apex/export:test:     '    at C:\\Users\\Dell\\Desktop\\60sec.shop\\packages\\export\\src\\export.service.test.ts:137:19\n' +
@apex/export:test:     '    at runTest (file:///c:/Users/Dell/Desktop/60sec.shop/node_modules/.bun/@vitest+runner@1.6.1/node_modules/@vitest/runner/dist/index.js:781:11)\n' +
@apex/export:test:     '    at runSuite (file:///c:/Users/Dell/Desktop/60sec.shop/node_modules/.bun/@vitest+runner@1.6.1/node_modules/@vitest/runner/dist/index.js:909:15)\n' +
@apex/export:test:     '    at runSuite (file:///c:/Users/Dell/Desktop/60sec.shop/node_modules/.bun/@vitest+runner@1.6.1/node_modules/@vitest/runner/dist/index.js:909:15)\n' +
@apex/export:test:     '    at runSuite (file:///c:/Users/Dell/Desktop/60sec.shop/node_modules/.bun/@vitest+runner@1.6.1/node_modules/@vitest/runner/dist/index.js:909:15)\n' +
@apex/export:test:     '    at runFiles (file:///c:/Users/Dell/Desktop/60sec.shop/node_modules/.bun/@vitest+runner@1.6.1/node_modules/@vitest/runner/dist/index.js:958:5)',
@apex/export:test:   errors: [
@apex/export:test:     {
@apex/export:test:       stack: 'Error: connect ECONNREFUSED ::1:5432\n' +
@apex/export:test:         '    at createConnectionError (node:net:1678:14)\n' +
@apex/export:test:         '    at afterConnectMultiple (node:net:1708:16)',
@apex/export:test:       message: 'connect ECONNREFUSED ::1:5432',
@apex/export:test:       errno: -4078,
@apex/export:test:       code: 'ECONNREFUSED',
@apex/export:test:       syscall: 'connect',
@apex/export:test:       address: '::1',
@apex/export:test:       port: 5432,
@apex/export:test:       constructor: 'Function<Error>',
@apex/export:test:       name: 'Error',
@apex/export:test:       toString: 'Function<toString>'
@apex/export:test:     },
@apex/export:test:     {
@apex/export:test:       stack: 'Error: connect ECONNREFUSED 127.0.0.1:5432\n' +
@apex/export:test:         '    at createConnectionError (node:net:1678:14)\n' +
@apex/export:test:         '    at afterConnectMultiple (node:net:1708:16)',
@apex/export:test:       message: 'connect ECONNREFUSED 127.0.0.1:5432',
@apex/export:test:       errno: -4078,
@apex/export:test:       code: 'ECONNREFUSED',
@apex/export:test:       syscall: 'connect',
@apex/export:test:       address: '127.0.0.1',
@apex/export:test:       port: 5432,
@apex/export:test:       constructor: 'Function<Error>',
@apex/export:test:       name: 'Error',
@apex/export:test:       toString: 'Function<toString>'
@apex/export:test:     }
@apex/export:test:   ],
@apex/export:test:   code: 'ECONNREFUSED',
@apex/export:test:   stackStr: 'AggregateError: \n' +
@apex/export:test:     '    at c:\\Users\\Dell\\Desktop\\60sec.shop\\node_modules\\.bun\\pg-pool@3.11.0+32ccf17b773ffb11\\node_modules\\pg-pool\\index.js:45:11\n' +
@apex/export:test:     '    at processTicksAndRejections (node:internal/process/task_queues:103:5)\n' +
@apex/export:test:     '    at LiteExportStrategy.validate (C:\\Users\\Dell\\Desktop\\60sec.shop\\packages\\export\\src\\strategies\\lite-export.strategy.ts:17:20)\n' +
@apex/export:test:     '    at ExportService.createExportJob (C:\\Users\\Dell\\Desktop\\60sec.shop\\packages\\export\\src\\export.service.ts:54:21)\n' +
@apex/export:test:     '    at C:\\Users\\Dell\\Desktop\\60sec.shop\\packages\\export\\src\\export.service.test.ts:137:19\n' +
@apex/export:test:     '    at runTest (file:///c:/Users/Dell/Desktop/60sec.shop/node_modules/.bun/@vitest+runner@1.6.1/node_modules/@vitest/runner/dist/index.js:781:11)\n' +
@apex/export:test:     '    at runSuite (file:///c:/Users/Dell/Desktop/60sec.shop/node_modules/.bun/@vitest+runner@1.6.1/node_modules/@vitest/runner/dist/index.js:909:15)\n' +
@apex/export:test:     '    at runSuite (file:///c:/Users/Dell/Desktop/60sec.shop/node_modules/.bun/@vitest+runner@1.6.1/node_modules/@vitest/runner/dist/index.js:909:15)\n' +
@apex/export:test:     '    at runSuite (file:///c:/Users/Dell/Desktop/60sec.shop/node_modules/.bun/@vitest+runner@1.6.1/node_modules/@vitest/runner/dist/index.js:909:15)\n' +
@apex/export:test:     '    at runFiles (file:///c:/Users/Dell/Desktop/60sec.shop/node_modules/.bun/@vitest+runner@1.6.1/node_modules/@vitest/runner/dist/index.js:958:5)',
@apex/export:test:   nameStr: 'AggregateError',
@apex/export:test:   expected: 'undefined',
@apex/export:test:   actual: 'undefined',
@apex/export:test:   message: '',
@apex/export:test:   constructor: 'Function<AggregateError>',
@apex/export:test:   name: 'AggregateError',
@apex/export:test:   toString: 'Function<toString>',
@apex/export:test:   stacks: [
@apex/export:test:     {
@apex/export:test:       method: '',
@apex/export:test:       file: 'c:/Users/Dell/Desktop/60sec.shop/node_modules/.bun/pg-pool@3.11.0+32ccf17b773ffb11/node_modules/pg-pool/index.js',
@apex/export:test:       line: 45,
@apex/export:test:       column: 11
@apex/export:test:     },
@apex/export:test:     {
@apex/export:test:       method: 'LiteExportStrategy.validate',
@apex/export:test:       file: 'C:/Users/Dell/Desktop/60sec.shop/packages/export/src/strategies/lite-export.strategy.ts',
@apex/export:test:       line: 17,
@apex/export:test:       column: 20
@apex/export:test:     },
@apex/export:test:     {
@apex/export:test:       method: 'ExportService.createExportJob',
@apex/export:test:       file: 'C:/Users/Dell/Desktop/60sec.shop/packages/export/src/export.service.ts',
@apex/export:test:       line: 54,
@apex/export:test:       column: 21
@apex/export:test:     },
@apex/export:test:     {
@apex/export:test:       method: '',
@apex/export:test:       file: 'C:/Users/Dell/Desktop/60sec.shop/packages/export/src/export.service.test.ts',
@apex/export:test:       line: 137,
@apex/export:test:       column: 19
@apex/export:test:     }
@apex/export:test:   ]
@apex/export:test: }
@apex/export:test: [90m [2mâ¯[22m ../../node_modules/.bun/pg-pool@3.11.0+32ccf17b773ffb11/node_modules/pg-pool/index.js:[2m45:11[22m[39m
@apex/export:test: [36m [2mâ¯[22m LiteExportStrategy.validate src/strategies/lite-export.strategy.ts:[2m17:20[22m[39m
@apex/export:test:     [90m 15| [39m
@apex/export:test:     [90m 16| [39m  [35masync[39m [34mvalidate[39m(options[33m:[39m [33mExportOptions[39m)[33m:[39m [33mPromise[39m[33m<[39mboolean[33m>[39m {
@apex/export:test:     [90m 17| [39m    [35mconst[39m client [33m=[39m [35mawait[39m publicPool[33m.[39m[34mconnect[39m()[33m;[39m
@apex/export:test:     [90m   | [39m                   [31m^[39m
@apex/export:test:     [90m 18| [39m    [35mtry[39m {
@apex/export:test:     [90m 19| [39m      [35mconst[39m result [33m=[39m [35mawait[39m client[33m.[39m[34mquery[39m(
@apex/export:test: [90m [2mâ¯[22m ExportService.createExportJob src/export.service.ts:[2m54:21[22m[39m
@apex/export:test: [90m [2mâ¯[22m src/export.service.test.ts:[2m137:19[22m[39m
@apex/export:test: 
@apex/export:test: [31m[2mâŽ¯âŽ¯âŽ¯âŽ¯âŽ¯âŽ¯âŽ¯âŽ¯âŽ¯âŽ¯âŽ¯âŽ¯âŽ¯âŽ¯âŽ¯âŽ¯âŽ¯âŽ¯âŽ¯âŽ¯âŽ¯âŽ¯âŽ¯âŽ¯âŽ¯âŽ¯âŽ¯âŽ¯âŽ¯âŽ¯[22m[39m
@apex/export:test: [31m[1mSerialized Error:[22m[39m [90m{ errors: [ { stack: 'Error: connect ECONNREFUSED ::1:5432\n    at createConnectionError (node:net:1678:14)\n    at afterConnectMultiple (node:net:1708:16)', message: 'connect ECONNREFUSED ::1:5432', errno: -4078, code: 'ECONNREFUSED', syscall: 'connect', address: '::1', port: 5432, constructor: 'Function<Error>', name: 'Error', toString: 'Function<toString>' }, { stack: 'Error: connect ECONNREFUSED 127.0.0.1:5432\n    at createConnectionError (node:net:1678:14)\n    at afterConnectMultiple (node:net:1708:16)', message: 'connect ECONNREFUSED 127.0.0.1:5432', errno: -4078, code: 'ECONNREFUSED', syscall: 'connect', address: '127.0.0.1', port: 5432, constructor: 'Function<Error>', name: 'Error', toString: 'Function<toString>' } ], code: 'ECONNREFUSED' }[39m
@apex/export:test: [31m[2mâŽ¯âŽ¯âŽ¯âŽ¯âŽ¯âŽ¯âŽ¯âŽ¯âŽ¯âŽ¯âŽ¯âŽ¯âŽ¯âŽ¯âŽ¯âŽ¯âŽ¯âŽ¯âŽ¯âŽ¯âŽ¯âŽ¯[10/23]âŽ¯[22m[39m
@apex/export:test: 
@apex/export:test: [31m[1m[7m FAIL [27m[22m[39m src/export.service.test.ts[2m > [22mExportService[2m > [22mS14.4: Job Management[2m > [22mshould list all tenant exports
@apex/export:test: {
@apex/export:test:   stack: 'AggregateError: \n' +
@apex/export:test:     '    at c:\\Users\\Dell\\Desktop\\60sec.shop\\node_modules\\.bun\\pg-pool@3.11.0+32ccf17b773ffb11\\node_modules\\pg-pool\\index.js:45:11\n' +
@apex/export:test:     '    at processTicksAndRejections (node:internal/process/task_queues:103:5)\n' +
@apex/export:test:     '    at LiteExportStrategy.validate (C:\\Users\\Dell\\Desktop\\60sec.shop\\packages\\export\\src\\strategies\\lite-export.strategy.ts:17:20)\n' +
@apex/export:test:     '    at ExportService.createExportJob (C:\\Users\\Dell\\Desktop\\60sec.shop\\packages\\export\\src\\export.service.ts:54:21)\n' +
@apex/export:test:     '    at C:\\Users\\Dell\\Desktop\\60sec.shop\\packages\\export\\src\\export.service.test.ts:153:7\n' +
@apex/export:test:     '    at runTest (file:///c:/Users/Dell/Desktop/60sec.shop/node_modules/.bun/@vitest+runner@1.6.1/node_modules/@vitest/runner/dist/index.js:781:11)\n' +
@apex/export:test:     '    at runSuite (file:///c:/Users/Dell/Desktop/60sec.shop/node_modules/.bun/@vitest+runner@1.6.1/node_modules/@vitest/runner/dist/index.js:909:15)\n' +
@apex/export:test:     '    at runSuite (file:///c:/Users/Dell/Desktop/60sec.shop/node_modules/.bun/@vitest+runner@1.6.1/node_modules/@vitest/runner/dist/index.js:909:15)\n' +
@apex/export:test:     '    at runSuite (file:///c:/Users/Dell/Desktop/60sec.shop/node_modules/.bun/@vitest+runner@1.6.1/node_modules/@vitest/runner/dist/index.js:909:15)\n' +
@apex/export:test:     '    at runFiles (file:///c:/Users/Dell/Desktop/60sec.shop/node_modules/.bun/@vitest+runner@1.6.1/node_modules/@vitest/runner/dist/index.js:958:5)',
@apex/export:test:   errors: [
@apex/export:test:     {
@apex/export:test:       stack: 'Error: connect ECONNREFUSED ::1:5432\n' +
@apex/export:test:         '    at createConnectionError (node:net:1678:14)\n' +
@apex/export:test:         '    at afterConnectMultiple (node:net:1708:16)',
@apex/export:test:       message: 'connect ECONNREFUSED ::1:5432',
@apex/export:test:       errno: -4078,
@apex/export:test:       code: 'ECONNREFUSED',
@apex/export:test:       syscall: 'connect',
@apex/export:test:       address: '::1',
@apex/export:test:       port: 5432,
@apex/export:test:       constructor: 'Function<Error>',
@apex/export:test:       name: 'Error',
@apex/export:test:       toString: 'Function<toString>'
@apex/export:test:     },
@apex/export:test:     {
@apex/export:test:       stack: 'Error: connect ECONNREFUSED 127.0.0.1:5432\n' +
@apex/export:test:         '    at createConnectionError (node:net:1678:14)\n' +
@apex/export:test:         '    at afterConnectMultiple (node:net:1708:16)',
@apex/export:test:       message: 'connect ECONNREFUSED 127.0.0.1:5432',
@apex/export:test:       errno: -4078,
@apex/export:test:       code: 'ECONNREFUSED',
@apex/export:test:       syscall: 'connect',
@apex/export:test:       address: '127.0.0.1',
@apex/export:test:       port: 5432,
@apex/export:test:       constructor: 'Function<Error>',
@apex/export:test:       name: 'Error',
@apex/export:test:       toString: 'Function<toString>'
@apex/export:test:     }
@apex/export:test:   ],
@apex/export:test:   code: 'ECONNREFUSED',
@apex/export:test:   stackStr: 'AggregateError: \n' +
@apex/export:test:     '    at c:\\Users\\Dell\\Desktop\\60sec.shop\\node_modules\\.bun\\pg-pool@3.11.0+32ccf17b773ffb11\\node_modules\\pg-pool\\index.js:45:11\n' +
@apex/export:test:     '    at processTicksAndRejections (node:internal/process/task_queues:103:5)\n' +
@apex/export:test:     '    at LiteExportStrategy.validate (C:\\Users\\Dell\\Desktop\\60sec.shop\\packages\\export\\src\\strategies\\lite-export.strategy.ts:17:20)\n' +
@apex/export:test:     '    at ExportService.createExportJob (C:\\Users\\Dell\\Desktop\\60sec.shop\\packages\\export\\src\\export.service.ts:54:21)\n' +
@apex/export:test:     '    at C:\\Users\\Dell\\Desktop\\60sec.shop\\packages\\export\\src\\export.service.test.ts:153:7\n' +
@apex/export:test:     '    at runTest (file:///c:/Users/Dell/Desktop/60sec.shop/node_modules/.bun/@vitest+runner@1.6.1/node_modules/@vitest/runner/dist/index.js:781:11)\n' +
@apex/export:test:     '    at runSuite (file:///c:/Users/Dell/Desktop/60sec.shop/node_modules/.bun/@vitest+runner@1.6.1/node_modules/@vitest/runner/dist/index.js:909:15)\n' +
@apex/export:test:     '    at runSuite (file:///c:/Users/Dell/Desktop/60sec.shop/node_modules/.bun/@vitest+runner@1.6.1/node_modules/@vitest/runner/dist/index.js:909:15)\n' +
@apex/export:test:     '    at runSuite (file:///c:/Users/Dell/Desktop/60sec.shop/node_modules/.bun/@vitest+runner@1.6.1/node_modules/@vitest/runner/dist/index.js:909:15)\n' +
@apex/export:test:     '    at runFiles (file:///c:/Users/Dell/Desktop/60sec.shop/node_modules/.bun/@vitest+runner@1.6.1/node_modules/@vitest/runner/dist/index.js:958:5)',
@apex/export:test:   nameStr: 'AggregateError',
@apex/export:test:   expected: 'undefined',
@apex/export:test:   actual: 'undefined',
@apex/export:test:   message: '',
@apex/export:test:   constructor: 'Function<AggregateError>',
@apex/export:test:   name: 'AggregateError',
@apex/export:test:   toString: 'Function<toString>',
@apex/export:test:   stacks: [
@apex/export:test:     {
@apex/export:test:       method: '',
@apex/export:test:       file: 'c:/Users/Dell/Desktop/60sec.shop/node_modules/.bun/pg-pool@3.11.0+32ccf17b773ffb11/node_modules/pg-pool/index.js',
@apex/export:test:       line: 45,
@apex/export:test:       column: 11
@apex/export:test:     },
@apex/export:test:     {
@apex/export:test:       method: 'LiteExportStrategy.validate',
@apex/export:test:       file: 'C:/Users/Dell/Desktop/60sec.shop/packages/export/src/strategies/lite-export.strategy.ts',
@apex/export:test:       line: 17,
@apex/export:test:       column: 20
@apex/export:test:     },
@apex/export:test:     {
@apex/export:test:       method: 'ExportService.createExportJob',
@apex/export:test:       file: 'C:/Users/Dell/Desktop/60sec.shop/packages/export/src/export.service.ts',
@apex/export:test:       line: 54,
@apex/export:test:       column: 21
@apex/export:test:     },
@apex/export:test:     {
@apex/export:test:       method: '',
@apex/export:test:       file: 'C:/Users/Dell/Desktop/60sec.shop/packages/export/src/export.service.test.ts',
@apex/export:test:       line: 153,
@apex/export:test:       column: 7
@apex/export:test:     }
@apex/export:test:   ]
@apex/export:test: }
@apex/export:test: [90m [2mâ¯[22m ../../node_modules/.bun/pg-pool@3.11.0+32ccf17b773ffb11/node_modules/pg-pool/index.js:[2m45:11[22m[39m
@apex/export:test: [36m [2mâ¯[22m LiteExportStrategy.validate src/strategies/lite-export.strategy.ts:[2m17:20[22m[39m
@apex/export:test:     [90m 15| [39m
@apex/export:test:     [90m 16| [39m  [35masync[39m [34mvalidate[39m(options[33m:[39m [33mExportOptions[39m)[33m:[39m [33mPromise[39m[33m<[39mboolean[33m>[39m {
@apex/export:test:     [90m 17| [39m    [35mconst[39m client [33m=[39m [35mawait[39m publicPool[33m.[39m[34mconnect[39m()[33m;[39m
@apex/export:test:     [90m   | [39m                   [31m^[39m
@apex/export:test:     [90m 18| [39m    [35mtry[39m {
@apex/export:test:     [90m 19| [39m      [35mconst[39m result [33m=[39m [35mawait[39m client[33m.[39m[34mquery[39m(
@apex/export:test: [90m [2mâ¯[22m ExportService.createExportJob src/export.service.ts:[2m54:21[22m[39m
@apex/export:test: [90m [2mâ¯[22m src/export.service.test.ts:[2m153:7[22m[39m
@apex/export:test: 
@apex/export:test: [31m[2mâŽ¯âŽ¯âŽ¯âŽ¯âŽ¯âŽ¯âŽ¯âŽ¯âŽ¯âŽ¯âŽ¯âŽ¯âŽ¯âŽ¯âŽ¯âŽ¯âŽ¯âŽ¯âŽ¯âŽ¯âŽ¯âŽ¯âŽ¯âŽ¯âŽ¯âŽ¯âŽ¯âŽ¯âŽ¯âŽ¯[22m[39m
@apex/export:test: [31m[1mSerialized Error:[22m[39m [90m{ errors: [ { stack: 'Error: connect ECONNREFUSED ::1:5432\n    at createConnectionError (node:net:1678:14)\n    at afterConnectMultiple (node:net:1708:16)', message: 'connect ECONNREFUSED ::1:5432', errno: -4078, code: 'ECONNREFUSED', syscall: 'connect', address: '::1', port: 5432, constructor: 'Function<Error>', name: 'Error', toString: 'Function<toString>' }, { stack: 'Error: connect ECONNREFUSED 127.0.0.1:5432\n    at createConnectionError (node:net:1678:14)\n    at afterConnectMultiple (node:net:1708:16)', message: 'connect ECONNREFUSED 127.0.0.1:5432', errno: -4078, code: 'ECONNREFUSED', syscall: 'connect', address: '127.0.0.1', port: 5432, constructor: 'Function<Error>', name: 'Error', toString: 'Function<toString>' } ], code: 'ECONNREFUSED' }[39m
@apex/export:test: [31m[2mâŽ¯âŽ¯âŽ¯âŽ¯âŽ¯âŽ¯âŽ¯âŽ¯âŽ¯âŽ¯âŽ¯âŽ¯âŽ¯âŽ¯âŽ¯âŽ¯âŽ¯âŽ¯âŽ¯âŽ¯âŽ¯âŽ¯[11/23]âŽ¯[22m[39m
@apex/export:test: 
@apex/export:test: [31m[1m[7m FAIL [27m[22m[39m src/export.service.test.ts[2m > [22mExportService[2m > [22mS14.5: Audit Logging[2m > [22mshould log export request
@apex/export:test: {
@apex/export:test:   stack: 'AggregateError: \n' +
@apex/export:test:     '    at c:\\Users\\Dell\\Desktop\\60sec.shop\\node_modules\\.bun\\pg-pool@3.11.0+32ccf17b773ffb11\\node_modules\\pg-pool\\index.js:45:11\n' +
@apex/export:test:     '    at processTicksAndRejections (node:internal/process/task_queues:103:5)\n' +
@apex/export:test:     '    at LiteExportStrategy.validate (C:\\Users\\Dell\\Desktop\\60sec.shop\\packages\\export\\src\\strategies\\lite-export.strategy.ts:17:20)\n' +
@apex/export:test:     '    at ExportService.createExportJob (C:\\Users\\Dell\\Desktop\\60sec.shop\\packages\\export\\src\\export.service.ts:54:21)\n' +
@apex/export:test:     '    at C:\\Users\\Dell\\Desktop\\60sec.shop\\packages\\export\\src\\export.service.test.ts:169:7\n' +
@apex/export:test:     '    at runTest (file:///c:/Users/Dell/Desktop/60sec.shop/node_modules/.bun/@vitest+runner@1.6.1/node_modules/@vitest/runner/dist/index.js:781:11)\n' +
@apex/export:test:     '    at runSuite (file:///c:/Users/Dell/Desktop/60sec.shop/node_modules/.bun/@vitest+runner@1.6.1/node_modules/@vitest/runner/dist/index.js:909:15)\n' +
@apex/export:test:     '    at runSuite (file:///c:/Users/Dell/Desktop/60sec.shop/node_modules/.bun/@vitest+runner@1.6.1/node_modules/@vitest/runner/dist/index.js:909:15)\n' +
@apex/export:test:     '    at runSuite (file:///c:/Users/Dell/Desktop/60sec.shop/node_modules/.bun/@vitest+runner@1.6.1/node_modules/@vitest/runner/dist/index.js:909:15)\n' +
@apex/export:test:     '    at runFiles (file:///c:/Users/Dell/Desktop/60sec.shop/node_modules/.bun/@vitest+runner@1.6.1/node_modules/@vitest/runner/dist/index.js:958:5)',
@apex/export:test:   errors: [
@apex/export:test:     {
@apex/export:test:       stack: 'Error: connect ECONNREFUSED ::1:5432\n' +
@apex/export:test:         '    at createConnectionError (node:net:1678:14)\n' +
@apex/export:test:         '    at afterConnectMultiple (node:net:1708:16)',
@apex/export:test:       message: 'connect ECONNREFUSED ::1:5432',
@apex/export:test:       errno: -4078,
@apex/export:test:       code: 'ECONNREFUSED',
@apex/export:test:       syscall: 'connect',
@apex/export:test:       address: '::1',
@apex/export:test:       port: 5432,
@apex/export:test:       constructor: 'Function<Error>',
@apex/export:test:       name: 'Error',
@apex/export:test:       toString: 'Function<toString>'
@apex/export:test:     },
@apex/export:test:     {
@apex/export:test:       stack: 'Error: connect ECONNREFUSED 127.0.0.1:5432\n' +
@apex/export:test:         '    at createConnectionError (node:net:1678:14)\n' +
@apex/export:test:         '    at afterConnectMultiple (node:net:1708:16)',
@apex/export:test:       message: 'connect ECONNREFUSED 127.0.0.1:5432',
@apex/export:test:       errno: -4078,
@apex/export:test:       code: 'ECONNREFUSED',
@apex/export:test:       syscall: 'connect',
@apex/export:test:       address: '127.0.0.1',
@apex/export:test:       port: 5432,
@apex/export:test:       constructor: 'Function<Error>',
@apex/export:test:       name: 'Error',
@apex/export:test:       toString: 'Function<toString>'
@apex/export:test:     }
@apex/export:test:   ],
@apex/export:test:   code: 'ECONNREFUSED',
@apex/export:test:   stackStr: 'AggregateError: \n' +
@apex/export:test:     '    at c:\\Users\\Dell\\Desktop\\60sec.shop\\node_modules\\.bun\\pg-pool@3.11.0+32ccf17b773ffb11\\node_modules\\pg-pool\\index.js:45:11\n' +
@apex/export:test:     '    at processTicksAndRejections (node:internal/process/task_queues:103:5)\n' +
@apex/export:test:     '    at LiteExportStrategy.validate (C:\\Users\\Dell\\Desktop\\60sec.shop\\packages\\export\\src\\strategies\\lite-export.strategy.ts:17:20)\n' +
@apex/export:test:     '    at ExportService.createExportJob (C:\\Users\\Dell\\Desktop\\60sec.shop\\packages\\export\\src\\export.service.ts:54:21)\n' +
@apex/export:test:     '    at C:\\Users\\Dell\\Desktop\\60sec.shop\\packages\\export\\src\\export.service.test.ts:169:7\n' +
@apex/export:test:     '    at runTest (file:///c:/Users/Dell/Desktop/60sec.shop/node_modules/.bun/@vitest+runner@1.6.1/node_modules/@vitest/runner/dist/index.js:781:11)\n' +
@apex/export:test:     '    at runSuite (file:///c:/Users/Dell/Desktop/60sec.shop/node_modules/.bun/@vitest+runner@1.6.1/node_modules/@vitest/runner/dist/index.js:909:15)\n' +
@apex/export:test:     '    at runSuite (file:///c:/Users/Dell/Desktop/60sec.shop/node_modules/.bun/@vitest+runner@1.6.1/node_modules/@vitest/runner/dist/index.js:909:15)\n' +
@apex/export:test:     '    at runSuite (file:///c:/Users/Dell/Desktop/60sec.shop/node_modules/.bun/@vitest+runner@1.6.1/node_modules/@vitest/runner/dist/index.js:909:15)\n' +
@apex/export:test:     '    at runFiles (file:///c:/Users/Dell/Desktop/60sec.shop/node_modules/.bun/@vitest+runner@1.6.1/node_modules/@vitest/runner/dist/index.js:958:5)',
@apex/export:test:   nameStr: 'AggregateError',
@apex/export:test:   expected: 'undefined',
@apex/export:test:   actual: 'undefined',
@apex/export:test:   message: '',
@apex/export:test:   constructor: 'Function<AggregateError>',
@apex/export:test:   name: 'AggregateError',
@apex/export:test:   toString: 'Function<toString>',
@apex/export:test:   stacks: [
@apex/export:test:     {
@apex/export:test:       method: '',
@apex/export:test:       file: 'c:/Users/Dell/Desktop/60sec.shop/node_modules/.bun/pg-pool@3.11.0+32ccf17b773ffb11/node_modules/pg-pool/index.js',
@apex/export:test:       line: 45,
@apex/export:test:       column: 11
@apex/export:test:     },
@apex/export:test:     {
@apex/export:test:       method: 'LiteExportStrategy.validate',
@apex/export:test:       file: 'C:/Users/Dell/Desktop/60sec.shop/packages/export/src/strategies/lite-export.strategy.ts',
@apex/export:test:       line: 17,
@apex/export:test:       column: 20
@apex/export:test:     },
@apex/export:test:     {
@apex/export:test:       method: 'ExportService.createExportJob',
@apex/export:test:       file: 'C:/Users/Dell/Desktop/60sec.shop/packages/export/src/export.service.ts',
@apex/export:test:       line: 54,
@apex/export:test:       column: 21
@apex/export:test:     },
@apex/export:test:     {
@apex/export:test:       method: '',
@apex/export:test:       file: 'C:/Users/Dell/Desktop/60sec.shop/packages/export/src/export.service.test.ts',
@apex/export:test:       line: 169,
@apex/export:test:       column: 7
@apex/export:test:     }
@apex/export:test:   ]
@apex/export:test: }
@apex/export:test: [90m [2mâ¯[22m ../../node_modules/.bun/pg-pool@3.11.0+32ccf17b773ffb11/node_modules/pg-pool/index.js:[2m45:11[22m[39m
@apex/export:test: [36m [2mâ¯[22m LiteExportStrategy.validate src/strategies/lite-export.strategy.ts:[2m17:20[22m[39m
@apex/export:test:     [90m 15| [39m
@apex/export:test:     [90m 16| [39m  [35masync[39m [34mvalidate[39m(options[33m:[39m [33mExportOptions[39m)[33m:[39m [33mPromise[39m[33m<[39mboolean[33m>[39m {
@apex/export:test:     [90m 17| [39m    [35mconst[39m client [33m=[39m [35mawait[39m publicPool[33m.[39m[34mconnect[39m()[33m;[39m
@apex/export:test:     [90m   | [39m                   [31m^[39m
@apex/export:test:     [90m 18| [39m    [35mtry[39m {
@apex/export:test:     [90m 19| [39m      [35mconst[39m result [33m=[39m [35mawait[39m client[33m.[39m[34mquery[39m(
@apex/export:test: [90m [2mâ¯[22m ExportService.createExportJob src/export.service.ts:[2m54:21[22m[39m
@apex/export:test: [90m [2mâ¯[22m src/export.service.test.ts:[2m169:7[22m[39m
@apex/export:test: 
@apex/export:test: [31m[2mâŽ¯âŽ¯âŽ¯âŽ¯âŽ¯âŽ¯âŽ¯âŽ¯âŽ¯âŽ¯âŽ¯âŽ¯âŽ¯âŽ¯âŽ¯âŽ¯âŽ¯âŽ¯âŽ¯âŽ¯âŽ¯âŽ¯âŽ¯âŽ¯âŽ¯âŽ¯âŽ¯âŽ¯âŽ¯âŽ¯[22m[39m
@apex/export:test: [31m[1mSerialized Error:[22m[39m [90m{ errors: [ { stack: 'Error: connect ECONNREFUSED ::1:5432\n    at createConnectionError (node:net:1678:14)\n    at afterConnectMultiple (node:net:1708:16)', message: 'connect ECONNREFUSED ::1:5432', errno: -4078, code: 'ECONNREFUSED', syscall: 'connect', address: '::1', port: 5432, constructor: 'Function<Error>', name: 'Error', toString: 'Function<toString>' }, { stack: 'Error: connect ECONNREFUSED 127.0.0.1:5432\n    at createConnectionError (node:net:1678:14)\n    at afterConnectMultiple (node:net:1708:16)', message: 'connect ECONNREFUSED 127.0.0.1:5432', errno: -4078, code: 'ECONNREFUSED', syscall: 'connect', address: '127.0.0.1', port: 5432, constructor: 'Function<Error>', name: 'Error', toString: 'Function<toString>' } ], code: 'ECONNREFUSED' }[39m
@apex/export:test: [31m[2mâŽ¯âŽ¯âŽ¯âŽ¯âŽ¯âŽ¯âŽ¯âŽ¯âŽ¯âŽ¯âŽ¯âŽ¯âŽ¯âŽ¯âŽ¯âŽ¯âŽ¯âŽ¯âŽ¯âŽ¯âŽ¯âŽ¯[12/23]âŽ¯[22m[39m
@apex/export:test: 
@apex/export:test: [31m[1m[7m FAIL [27m[22m[39m src/export.service.test.ts[2m > [22mExport Strategies[2m > [22mLiteExportStrategy[2m > [22mshould enforce row count limit (100K)
@apex/export:test: [31m[1mAssertionError[22m: expected [Function] to throw error including 'exceeds max rows' but got 'Bun is not defined'[39m
@apex/export:test: 
@apex/export:test: [32m- Expected[39m
@apex/export:test: [31m+ Received[39m
@apex/export:test: 
@apex/export:test: [32m- exceeds max rows[39m
@apex/export:test: [31m+ Bun is not defined[39m
@apex/export:test: 
@apex/export:test: [31m[2mâŽ¯âŽ¯âŽ¯âŽ¯âŽ¯âŽ¯âŽ¯âŽ¯âŽ¯âŽ¯âŽ¯âŽ¯âŽ¯âŽ¯âŽ¯âŽ¯âŽ¯âŽ¯âŽ¯âŽ¯âŽ¯âŽ¯[13/23]âŽ¯[22m[39m
@apex/export:test: 
@apex/export:test: [31m[1m[7m FAIL [27m[22m[39m src/export.service.test.ts[2m > [22mExport Strategies[2m > [22mLiteExportStrategy[2m > [22mshould generate valid checksum
@apex/export:test: [31m[1mReferenceError[22m: Bun is not defined[39m
@apex/export:test: [36m [2mâ¯[22m LiteExportStrategy.export src/strategies/lite-export.strategy.ts:[2m44:5[22m[39m
@apex/export:test:     [90m 42| [39m    
@apex/export:test:     [90m 43| [39m    [90m// Create work directory[39m
@apex/export:test:     [90m 44| [39m    [35mawait[39m [33mBun[39m[33m.[39m[34mspawn[39m([[32m'mkdir'[39m[33m,[39m [32m'-p'[39m[33m,[39m [32m`[39m[36m${[39mworkDir[36m}[39m[32m/database`[39m])[33m.[39mexited[33m;[39m
@apex/export:test:     [90m   | [39m    [31m^[39m
@apex/export:test:     [90m 45| [39m
@apex/export:test:     [90m 46| [39m    [35mconst[39m client [33m=[39m [35mawait[39m publicPool[33m.[39m[34mconnect[39m()[33m;[39m
@apex/export:test: [90m [2mâ¯[22m src/export.service.test.ts:[2m217:37[22m[39m
@apex/export:test: 
@apex/export:test: [31m[2mâŽ¯âŽ¯âŽ¯âŽ¯âŽ¯âŽ¯âŽ¯âŽ¯âŽ¯âŽ¯âŽ¯âŽ¯âŽ¯âŽ¯âŽ¯âŽ¯âŽ¯âŽ¯âŽ¯âŽ¯âŽ¯âŽ¯[14/23]âŽ¯[22m[39m
@apex/export:test: 
@apex/export:test: [31m[1m[7m FAIL [27m[22m[39m src/export.worker.test.ts[2m > [22mExportWorker[2m > [22mprocessJob[2m > [22mshould process export job successfully
@apex/export:test: [31m[1mTypeError[22m: job.updateData is not a function[39m
@apex/export:test: [36m [2mâ¯[22m ExportWorker.processJob src/export.worker.ts:[2m164:17[22m[39m
@apex/export:test:     [90m162| [39m
@apex/export:test:     [90m163| [39m      [90m// Store delete job reference for manual cleanup[39m
@apex/export:test:     [90m164| [39m      [35mawait[39m job[33m.[39m[34mupdateData[39m({
@apex/export:test:     [90m   | [39m                [31m^[39m
@apex/export:test:     [90m165| [39m        [33m...[39mjob[33m.[39mdata[33m,[39m
@apex/export:test:     [90m166| [39m        deleteJobRef[33m:[39m [35mtrue[39m[33m,[39m
@apex/export:test: [90m [2mâ¯[22m src/export.worker.test.ts:[2m110:28[22m[39m
@apex/export:test: 
@apex/export:test: [31m[2mâŽ¯âŽ¯âŽ¯âŽ¯âŽ¯âŽ¯âŽ¯âŽ¯âŽ¯âŽ¯âŽ¯âŽ¯âŽ¯âŽ¯âŽ¯âŽ¯âŽ¯âŽ¯âŽ¯âŽ¯âŽ¯âŽ¯[15/23]âŽ¯[22m[39m
@apex/export:test: 
@apex/export:test: [31m[1m[7m FAIL [27m[22m[39m src/export.worker.test.ts[2m > [22mExportWorker[2m > [22mprocessJob[2m > [22mshould update job progress
@apex/export:test: [31m[1mTypeError[22m: job.updateData is not a function[39m
@apex/export:test: [36m [2mâ¯[22m ExportWorker.processJob src/export.worker.ts:[2m164:17[22m[39m
@apex/export:test:     [90m162| [39m
@apex/export:test:     [90m163| [39m      [90m// Store delete job reference for manual cleanup[39m
@apex/export:test:     [90m164| [39m      [35mawait[39m job[33m.[39m[34mupdateData[39m({
@apex/export:test:     [90m   | [39m                [31m^[39m
@apex/export:test:     [90m165| [39m        [33m...[39mjob[33m.[39mdata[33m,[39m
@apex/export:test:     [90m166| [39m        deleteJobRef[33m:[39m [35mtrue[39m[33m,[39m
@apex/export:test: [90m [2mâ¯[22m src/export.worker.test.ts:[2m139:13[22m[39m
@apex/export:test: 
@apex/export:test: [31m[2mâŽ¯âŽ¯âŽ¯âŽ¯âŽ¯âŽ¯âŽ¯âŽ¯âŽ¯âŽ¯âŽ¯âŽ¯âŽ¯âŽ¯âŽ¯âŽ¯âŽ¯âŽ¯âŽ¯âŽ¯âŽ¯âŽ¯[16/23]âŽ¯[22m[39m
@apex/export:test: 
@apex/export:test: [31m[1m[7m FAIL [27m[22m[39m src/export.worker.test.ts[2m > [22mExportWorker[2m > [22mprocessJob[2m > [22mshould upload to S3 with correct key
@apex/export:test: [31m[1mTypeError[22m: job.updateData is not a function[39m
@apex/export:test: [36m [2mâ¯[22m ExportWorker.processJob src/export.worker.ts:[2m164:17[22m[39m
@apex/export:test:     [90m162| [39m
@apex/export:test:     [90m163| [39m      [90m// Store delete job reference for manual cleanup[39m
@apex/export:test:     [90m164| [39m      [35mawait[39m job[33m.[39m[34mupdateData[39m({
@apex/export:test:     [90m   | [39m                [31m^[39m
@apex/export:test:     [90m165| [39m        [33m...[39mjob[33m.[39mdata[33m,[39m
@apex/export:test:     [90m166| [39m        deleteJobRef[33m:[39m [35mtrue[39m[33m,[39m
@apex/export:test: [90m [2mâ¯[22m src/export.worker.test.ts:[2m158:13[22m[39m
@apex/export:test: 
@apex/export:test: [31m[2mâŽ¯âŽ¯âŽ¯âŽ¯âŽ¯âŽ¯âŽ¯âŽ¯âŽ¯âŽ¯âŽ¯âŽ¯âŽ¯âŽ¯âŽ¯âŽ¯âŽ¯âŽ¯âŽ¯âŽ¯âŽ¯âŽ¯[17/23]âŽ¯[22m[39m
@apex/export:test: 
@apex/export:test: [31m[1m[7m FAIL [27m[22m[39m src/export.worker.test.ts[2m > [22mExportWorker[2m > [22mprocessJob[2m > [22mshould generate presigned URL with 24h expiry
@apex/export:test: [31m[1mTypeError[22m: job.updateData is not a function[39m
@apex/export:test: [36m [2mâ¯[22m ExportWorker.processJob src/export.worker.ts:[2m164:17[22m[39m
@apex/export:test:     [90m162| [39m
@apex/export:test:     [90m163| [39m      [90m// Store delete job reference for manual cleanup[39m
@apex/export:test:     [90m164| [39m      [35mawait[39m job[33m.[39m[34mupdateData[39m({
@apex/export:test:     [90m   | [39m                [31m^[39m
@apex/export:test:     [90m165| [39m        [33m...[39mjob[33m.[39mdata[33m,[39m
@apex/export:test:     [90m166| [39m        deleteJobRef[33m:[39m [35mtrue[39m[33m,[39m
@apex/export:test: [90m [2mâ¯[22m src/export.worker.test.ts:[2m180:13[22m[39m
@apex/export:test: 
@apex/export:test: [31m[2mâŽ¯âŽ¯âŽ¯âŽ¯âŽ¯âŽ¯âŽ¯âŽ¯âŽ¯âŽ¯âŽ¯âŽ¯âŽ¯âŽ¯âŽ¯âŽ¯âŽ¯âŽ¯âŽ¯âŽ¯âŽ¯âŽ¯[18/23]âŽ¯[22m[39m
@apex/export:test: 
@apex/export:test: [31m[1m[7m FAIL [27m[22m[39m src/export.worker.test.ts[2m > [22mExportWorker[2m > [22mprocessJob[2m > [22mshould enforce S2 isolation in S3 key
@apex/export:test: [31m[1mTypeError[22m: job.updateData is not a function[39m
@apex/export:test: [36m [2mâ¯[22m ExportWorker.processJob src/export.worker.ts:[2m164:17[22m[39m
@apex/export:test:     [90m162| [39m
@apex/export:test:     [90m163| [39m      [90m// Store delete job reference for manual cleanup[39m
@apex/export:test:     [90m164| [39m      [35mawait[39m job[33m.[39m[34mupdateData[39m({
@apex/export:test:     [90m   | [39m                [31m^[39m
@apex/export:test:     [90m165| [39m        [33m...[39mjob[33m.[39mdata[33m,[39m
@apex/export:test:     [90m166| [39m        deleteJobRef[33m:[39m [35mtrue[39m[33m,[39m
@apex/export:test: [90m [2mâ¯[22m src/export.worker.test.ts:[2m228:13[22m[39m
@apex/export:test: 
@apex/export:test: [31m[2mâŽ¯âŽ¯âŽ¯âŽ¯âŽ¯âŽ¯âŽ¯âŽ¯âŽ¯âŽ¯âŽ¯âŽ¯âŽ¯âŽ¯âŽ¯âŽ¯âŽ¯âŽ¯âŽ¯âŽ¯âŽ¯âŽ¯[19/23]âŽ¯[22m[39m
@apex/export:test: 
@apex/export:test: [31m[1m[7m FAIL [27m[22m[39m src/export.worker.test.ts[2m > [22mExportWorker[2m > [22mconfirmDownload[2m > [22mshould delete file after download confirmation
@apex/export:test: [31m[1mTypeError[22m: job.updateData is not a function[39m
@apex/export:test: [36m [2mâ¯[22m ExportWorker.processJob src/export.worker.ts:[2m164:17[22m[39m
@apex/export:test:     [90m162| [39m
@apex/export:test:     [90m163| [39m      [90m// Store delete job reference for manual cleanup[39m
@apex/export:test:     [90m164| [39m      [35mawait[39m job[33m.[39m[34mupdateData[39m({
@apex/export:test:     [90m   | [39m                [31m^[39m
@apex/export:test:     [90m165| [39m        [33m...[39mjob[33m.[39mdata[33m,[39m
@apex/export:test:     [90m166| [39m        deleteJobRef[33m:[39m [35mtrue[39m[33m,[39m
@apex/export:test: [90m [2mâ¯[22m src/export.worker.test.ts:[2m300:13[22m[39m
@apex/export:test: 
@apex/export:test: [31m[2mâŽ¯âŽ¯âŽ¯âŽ¯âŽ¯âŽ¯âŽ¯âŽ¯âŽ¯âŽ¯âŽ¯âŽ¯âŽ¯âŽ¯âŽ¯âŽ¯âŽ¯âŽ¯âŽ¯âŽ¯âŽ¯âŽ¯[20/23]âŽ¯[22m[39m
@apex/export:test: 
@apex/export:test: [31m[1m[7m FAIL [27m[22m[39m src/strategies/analytics-export.strategy.test.ts[2m > [22mAnalyticsExportStrategy[2m > [22mvalidate[2m > [22mshould validate existing tenant
@apex/export:test: [31m[1mAssertionError[22m: expected false to be true // Object.is equality[39m
@apex/export:test: 
@apex/export:test: [32m- Expected[39m
@apex/export:test: [31m+ Received[39m
@apex/export:test: 
@apex/export:test: [32m- true[39m
@apex/export:test: [31m+ false[39m
@apex/export:test: 
@apex/export:test: [36m [2mâ¯[22m src/strategies/analytics-export.strategy.test.ts:[2m57:28[22m[39m
@apex/export:test:     [90m 55| [39m
@apex/export:test:     [90m 56| [39m            [35mconst[39m result [33m=[39m [35mawait[39m strategy[33m.[39m[34mvalidate[39m(options)[33m;[39m
@apex/export:test:     [90m 57| [39m            [34mexpect[39m(result)[33m.[39m[34mtoBe[39m([35mtrue[39m)[33m;[39m
@apex/export:test:     [90m   | [39m                           [31m^[39m
@apex/export:test:     [90m 58| [39m        })[33m;[39m
@apex/export:test:     [90m 59| [39m
@apex/export:test: 
@apex/export:test: [31m[2mâŽ¯âŽ¯âŽ¯âŽ¯âŽ¯âŽ¯âŽ¯âŽ¯âŽ¯âŽ¯âŽ¯âŽ¯âŽ¯âŽ¯âŽ¯âŽ¯âŽ¯âŽ¯âŽ¯âŽ¯âŽ¯âŽ¯[21/23]âŽ¯[22m[39m
@apex/export:test: 
@apex/export:test: [31m[1m[7m FAIL [27m[22m[39m src/strategies/analytics-export.strategy.test.ts[2m > [22mAnalyticsExportStrategy[2m > [22mexport[2m > [22mshould convert rows to CSV format
@apex/export:test: [31m[1mTypeError[22m: Cannot read properties of undefined (reading 'rows')[39m
@apex/export:test: [36m [2mâ¯[22m AnalyticsExportStrategy.export src/strategies/analytics-export.strategy.ts:[2m77:24[22m[39m
@apex/export:test:     [90m 75| [39m      [35mawait[39m [35mthis[39m[33m.[39m[34mwriteCSV[39m(
@apex/export:test:     [90m 76| [39m        [32m`[39m[36m${[39mworkDir[36m}[39m[32m/analytics/products_performance.csv`[39m[33m,[39m
@apex/export:test:     [90m 77| [39m        productsResult[33m.[39mrows[33m,[39m
@apex/export:test:     [90m   | [39m                       [31m^[39m
@apex/export:test:     [90m 78| [39m        [[32m'name'[39m[33m,[39m [32m'sku'[39m[33m,[39m [32m'times_ordered'[39m[33m,[39m [32m'total_quantity'[39m]
@apex/export:test:     [90m 79| [39m      )[33m;[39m
@apex/export:test: [90m [2mâ¯[22m src/strategies/analytics-export.strategy.test.ts:[2m207:13[22m[39m
@apex/export:test: 
@apex/export:test: [31m[2mâŽ¯âŽ¯âŽ¯âŽ¯âŽ¯âŽ¯âŽ¯âŽ¯âŽ¯âŽ¯âŽ¯âŽ¯âŽ¯âŽ¯âŽ¯âŽ¯âŽ¯âŽ¯âŽ¯âŽ¯âŽ¯âŽ¯[22/23]âŽ¯[22m[39m
@apex/export:test: 
@apex/export:test: [31m[1m[7m FAIL [27m[22m[39m src/strategies/native-export.strategy.test.ts[2m > [22mNativeExportStrategy[2m > [22mvalidate[2m > [22mshould validate existing tenant
@apex/export:test: [31m[1mAssertionError[22m: expected false to be true // Object.is equality[39m
@apex/export:test: 
@apex/export:test: [32m- Expected[39m
@apex/export:test: [31m+ Received[39m
@apex/export:test: 
@apex/export:test: [32m- true[39m
@apex/export:test: [31m+ false[39m
@apex/export:test: 
@apex/export:test: [36m [2mâ¯[22m src/strategies/native-export.strategy.test.ts:[2m76:28[22m[39m
@apex/export:test:     [90m 74| [39m
@apex/export:test:     [90m 75| [39m            [35mconst[39m result [33m=[39m [35mawait[39m strategy[33m.[39m[34mvalidate[39m(options)[33m;[39m
@apex/export:test:     [90m 76| [39m            [34mexpect[39m(result)[33m.[39m[34mtoBe[39m([35mtrue[39m)[33m;[39m
@apex/export:test:     [90m   | [39m                           [31m^[39m
@apex/export:test:     [90m 77| [39m        })[33m;[39m
@apex/export:test:     [90m 78| [39m
@apex/export:test: 
@apex/export:test: [31m[2mâŽ¯âŽ¯âŽ¯âŽ¯âŽ¯âŽ¯âŽ¯âŽ¯âŽ¯âŽ¯âŽ¯âŽ¯âŽ¯âŽ¯âŽ¯âŽ¯âŽ¯âŽ¯âŽ¯âŽ¯âŽ¯âŽ¯[23/23]âŽ¯[22m[39m
@apex/export:test: 
@apex/export:test: [2m Test Files [22m [1m[31m5 failed[39m[22m[2m | [22m[1m[32m2 passed[39m[22m[2m | [22m[33m1 skipped[39m[90m (8)[39m
@apex/export:test: [2m      Tests [22m [1m[31m23 failed[39m[22m[2m | [22m[1m[32m55 passed[39m[22m[2m | [22m[33m9 skipped[39m[90m (87)[39m
@apex/export:test: [2m   Start at [22m 21:15:21
@apex/export:test: [2m   Duration [22m 15.47s[2m (transform 1.60s, setup 1.51s, collect 20.21s, tests 1.22s, environment 3ms, prepare 7.45s)[22m
@apex/export:test: 
@apex/export:test: npm error Lifecycle script `test` failed with error:
@apex/export:test: npm error code 1
@apex/export:test: npm error path C:\Users\Dell\Desktop\60sec.shop\packages\export
@apex/export:test: npm error workspace @apex/export@1.0.0
@apex/export:test: npm error location C:\Users\Dell\Desktop\60sec.shop\packages\export
@apex/export:test: npm error command failed
@apex/export:test: npm error command C:\Windows\system32\cmd.exe /d /s /c vitest run
@apex/export:test: ERROR: command finished with error: command (C:\Users\Dell\Desktop\60sec.shop\packages\export) C:\Program Files\nodejs\npm.cmd run test exited (1)
@apex/export#test: command (C:\Users\Dell\Desktop\60sec.shop\packages\export) C:\Program Files\nodejs\npm.cmd run test exited (1)

 Tasks:    4 successful, 5 total
Cached:    4 cached, 5 total
  Time:    24.972s 
Failed:    @apex/export#test

 ERROR  run failed: command  exited (1)
